2018-08-14 09:12:42,599 - ERROR - could not convert string to float: '-'
2018-08-14 09:12:44,705 - ERROR - could not convert string to float: '-'
2018-08-14 09:12:46,842 - ERROR - could not convert string to float: '-'
2018-08-14 09:12:48,964 - ERROR - could not convert string to float: '-'
2018-08-14 09:12:51,070 - ERROR - could not convert string to float: '-'
2018-08-14 09:12:53,207 - ERROR - could not convert string to float: '-'
2018-08-14 09:12:55,344 - ERROR - could not convert string to float: '-'
2018-08-14 09:12:57,435 - ERROR - could not convert string to float: '-'
2018-08-14 09:12:59,556 - ERROR - could not convert string to float: '-'
2018-08-14 09:13:01,662 - ERROR - could not convert string to float: '-'
2018-08-14 09:13:03,784 - ERROR - could not convert string to float: '-'
2018-08-14 09:13:05,874 - ERROR - could not convert string to float: '-'
2018-08-14 09:13:07,980 - ERROR - could not convert string to float: '-'
2018-08-14 09:13:10,258 - ERROR - could not convert string to float: '-'
2018-08-14 09:13:12,380 - ERROR - could not convert string to float: '-'
2018-08-14 09:13:14,751 - ERROR - could not convert string to float: '-'
2018-08-14 09:13:16,873 - ERROR - could not convert string to float: '-'
2018-08-14 09:13:18,979 - ERROR - could not convert string to float: '-'
2018-08-14 09:13:21,241 - ERROR - could not convert string to float: '-'
2018-08-14 09:13:23,362 - ERROR - could not convert string to float: '-'
2018-08-14 09:13:25,515 - ERROR - could not convert string to float: '-'
2018-08-14 09:13:27,637 - ERROR - could not convert string to float: '-'
2018-08-14 09:13:29,743 - ERROR - could not convert string to float: '-'
2018-08-14 09:13:31,849 - ERROR - could not convert string to float: '-'
2018-08-14 09:13:33,970 - ERROR - could not convert string to float: '-'
2018-08-14 09:13:36,123 - ERROR - could not convert string to float: '-'
2018-08-14 09:13:38,229 - ERROR - could not convert string to float: '-'
2018-08-14 09:13:40,335 - ERROR - could not convert string to float: '-'
2018-08-14 09:13:42,441 - ERROR - could not convert string to float: '-'
2018-08-14 09:13:44,547 - ERROR - could not convert string to float: '-'
2018-08-14 09:13:46,669 - ERROR - could not convert string to float: '-'
2018-08-14 09:13:48,790 - ERROR - could not convert string to float: '-'
2018-08-14 09:13:50,927 - ERROR - could not convert string to float: '-'
2018-08-14 09:13:53,018 - ERROR - could not convert string to float: '-'
2018-08-14 09:13:55,124 - ERROR - could not convert string to float: '-'
2018-08-14 09:14:06,387 - ERROR - could not convert string to float: '-'
2018-08-14 09:14:09,429 - ERROR - could not convert string to float: '-'
2018-08-14 09:14:11,535 - ERROR - could not convert string to float: '-'
2018-08-14 09:14:13,657 - ERROR - could not convert string to float: '-'
2018-08-14 09:14:15,747 - ERROR - could not convert string to float: '-'
2018-08-14 09:14:17,869 - ERROR - could not convert string to float: '-'
2018-08-14 09:14:19,990 - ERROR - could not convert string to float: '-'
2018-08-14 09:14:22,096 - ERROR - could not convert string to float: '-'
2018-08-14 09:14:24,202 - ERROR - could not convert string to float: '-'
2018-08-14 09:14:26,324 - ERROR - could not convert string to float: '-'
2018-08-14 09:14:28,430 - ERROR - could not convert string to float: '-'
2018-08-14 09:14:30,551 - ERROR - could not convert string to float: '-'
2018-08-14 09:14:32,657 - ERROR - could not convert string to float: '-'
2018-08-14 09:14:34,779 - ERROR - could not convert string to float: '-'
2018-08-14 09:14:36,979 - ERROR - could not convert string to float: '-'
2018-08-14 09:14:39,147 - ERROR - could not convert string to float: '-'
2018-08-14 09:14:41,269 - ERROR - could not convert string to float: '-'
2018-08-14 09:14:43,390 - ERROR - could not convert string to float: '-'
2018-08-14 09:14:45,496 - ERROR - could not convert string to float: '-'
2018-08-14 09:14:48,398 - ERROR - could not convert string to float: '-'
2018-08-14 09:14:50,488 - ERROR - could not convert string to float: '-'
2018-08-14 09:14:52,594 - ERROR - could not convert string to float: '-'
2018-08-14 09:14:54,700 - ERROR - could not convert string to float: '-'
2018-08-14 09:14:56,806 - ERROR - could not convert string to float: '-'
2018-08-14 09:14:58,928 - ERROR - could not convert string to float: '-'
2018-08-14 09:15:01,065 - ERROR - could not convert string to float: '-'
2018-08-14 09:15:03,171 - ERROR - could not convert string to float: '-'
2018-08-14 09:15:05,277 - ERROR - could not convert string to float: '-'
2018-08-14 09:15:07,430 - ERROR - could not convert string to float: '-'
2018-08-14 09:15:09,583 - ERROR - could not convert string to float: '-'
2018-08-14 09:15:11,845 - ERROR - could not convert string to float: '-'
2018-08-14 09:15:14,029 - ERROR - could not convert string to float: '-'
2018-08-14 09:15:16,135 - ERROR - could not convert string to float: '-'
2018-08-14 09:15:18,303 - ERROR - could not convert string to float: '-'
2018-08-14 09:15:20,425 - ERROR - could not convert string to float: '-'
2018-08-14 09:15:22,546 - ERROR - could not convert string to float: '-'
2018-08-14 09:15:24,684 - ERROR - could not convert string to float: '-'
2018-08-14 09:15:26,790 - ERROR - could not convert string to float: '-'
2018-08-14 09:15:28,911 - ERROR - could not convert string to float: '-'
2018-08-14 09:15:31,017 - ERROR - could not convert string to float: '-'
2018-08-14 09:15:33,154 - ERROR - could not convert string to float: '-'
2018-08-14 09:15:35,276 - ERROR - could not convert string to float: '-'
2018-08-14 09:15:37,429 - ERROR - could not convert string to float: '-'
2018-08-14 09:15:39,582 - ERROR - could not convert string to float: '-'
2018-08-14 09:15:41,734 - ERROR - could not convert string to float: '-'
2018-08-14 09:15:43,825 - ERROR - could not convert string to float: '-'
2018-08-14 09:15:46,087 - ERROR - could not convert string to float: '-'
2018-08-14 09:15:48,193 - ERROR - could not convert string to float: '-'
2018-08-14 09:15:50,314 - ERROR - could not convert string to float: '-'
2018-08-14 09:15:52,420 - ERROR - could not convert string to float: '-'
2018-08-14 09:15:54,526 - ERROR - could not convert string to float: '-'
2018-08-14 09:15:56,648 - ERROR - could not convert string to float: '-'
2018-08-14 09:15:58,738 - ERROR - could not convert string to float: '-'
2018-08-14 09:16:00,876 - ERROR - could not convert string to float: '-'
2018-08-14 09:16:02,982 - ERROR - could not convert string to float: '-'
2018-08-14 09:16:05,088 - ERROR - could not convert string to float: '-'
2018-08-14 09:16:07,209 - ERROR - could not convert string to float: '-'
2018-08-14 09:16:09,393 - ERROR - could not convert string to float: '-'
2018-08-14 09:16:11,499 - ERROR - could not convert string to float: '-'
2018-08-14 09:16:13,590 - ERROR - could not convert string to float: '-'
2018-08-14 09:16:15,680 - ERROR - could not convert string to float: '-'
2018-08-14 09:16:17,802 - ERROR - could not convert string to float: '-'
2018-08-14 09:16:19,939 - ERROR - could not convert string to float: '-'
2018-08-14 09:16:22,045 - ERROR - could not convert string to float: '-'
2018-08-14 09:16:24,151 - ERROR - could not convert string to float: '-'
2018-08-14 09:16:26,257 - ERROR - could not convert string to float: '-'
2018-08-14 09:16:28,378 - ERROR - could not convert string to float: '-'
2018-08-14 09:16:30,484 - ERROR - could not convert string to float: '-'
2018-08-14 09:16:32,590 - ERROR - could not convert string to float: '-'
2018-08-14 09:16:34,712 - ERROR - could not convert string to float: '-'
2018-08-14 09:16:36,818 - ERROR - could not convert string to float: '-'
2018-08-14 09:16:38,940 - ERROR - could not convert string to float: '-'
2018-08-14 09:16:41,061 - ERROR - could not convert string to float: '-'
2018-08-14 09:16:43,152 - ERROR - could not convert string to float: '-'
2018-08-14 09:16:45,258 - ERROR - could not convert string to float: '-'
2018-08-14 09:16:47,395 - ERROR - could not convert string to float: '-'
2018-08-14 09:16:49,501 - ERROR - could not convert string to float: '-'
2018-08-14 09:16:51,607 - ERROR - could not convert string to float: '-'
2018-08-14 09:16:53,713 - ERROR - could not convert string to float: '-'
2018-08-14 09:16:55,834 - ERROR - could not convert string to float: '-'
2018-08-14 09:16:57,925 - ERROR - could not convert string to float: '-'
2018-08-14 09:17:00,031 - ERROR - could not convert string to float: '-'
2018-08-14 09:17:02,137 - ERROR - could not convert string to float: '-'
2018-08-14 09:17:04,243 - ERROR - could not convert string to float: '-'
2018-08-14 09:17:06,396 - ERROR - could not convert string to float: '-'
2018-08-14 09:17:08,517 - ERROR - could not convert string to float: '-'
2018-08-14 09:17:10,623 - ERROR - could not convert string to float: '-'
2018-08-14 09:17:12,729 - ERROR - could not convert string to float: '-'
2018-08-14 09:17:14,835 - ERROR - could not convert string to float: '-'
2018-08-14 09:17:16,957 - ERROR - could not convert string to float: '-'
2018-08-14 09:17:19,063 - ERROR - could not convert string to float: '-'
2018-08-14 09:17:21,185 - ERROR - could not convert string to float: '-'
2018-08-14 09:17:23,291 - ERROR - could not convert string to float: '-'
2018-08-14 09:17:25,412 - ERROR - could not convert string to float: '-'
2018-08-14 09:17:27,518 - ERROR - could not convert string to float: '-'
2018-08-14 09:17:29,624 - ERROR - could not convert string to float: '-'
2018-08-14 09:17:31,746 - ERROR - could not convert string to float: '-'
2018-08-14 09:17:33,836 - ERROR - could not convert string to float: '-'
2018-08-14 09:17:35,958 - ERROR - could not convert string to float: '-'
2018-08-14 09:17:38,064 - ERROR - could not convert string to float: '-'
2018-08-14 09:17:40,170 - ERROR - could not convert string to float: '-'
2018-08-14 09:17:42,291 - ERROR - could not convert string to float: '-'
2018-08-14 09:17:44,382 - ERROR - could not convert string to float: '-'
2018-08-14 09:17:46,488 - ERROR - could not convert string to float: '-'
2018-08-14 09:17:48,609 - ERROR - could not convert string to float: '-'
2018-08-14 09:17:50,731 - ERROR - could not convert string to float: '-'
2018-08-14 09:17:52,946 - ERROR - could not convert string to float: '-'
2018-08-14 09:17:55,068 - ERROR - could not convert string to float: '-'
2018-08-14 09:17:57,189 - ERROR - could not convert string to float: '-'
2018-08-14 09:17:59,295 - ERROR - could not convert string to float: '-'
2018-08-14 09:18:01,417 - ERROR - could not convert string to float: '-'
2018-08-14 09:18:03,507 - ERROR - could not convert string to float: '-'
2018-08-14 09:18:05,613 - ERROR - could not convert string to float: '-'
2018-08-14 09:18:07,766 - ERROR - could not convert string to float: '-'
2018-08-14 09:18:09,888 - ERROR - could not convert string to float: '-'
2018-08-14 09:18:11,994 - ERROR - could not convert string to float: '-'
2018-08-14 09:18:14,115 - ERROR - could not convert string to float: '-'
2018-08-14 09:18:16,221 - ERROR - could not convert string to float: '-'
2018-08-14 09:18:18,359 - ERROR - could not convert string to float: '-'
2018-08-14 09:18:20,465 - ERROR - could not convert string to float: '-'
2018-08-14 09:18:22,586 - ERROR - could not convert string to float: '-'
2018-08-14 09:18:24,739 - ERROR - could not convert string to float: '-'
2018-08-14 09:18:26,829 - ERROR - could not convert string to float: '-'
2018-08-14 09:18:28,951 - ERROR - could not convert string to float: '-'
2018-08-14 09:18:31,151 - ERROR - could not convert string to float: '-'
2018-08-14 09:18:33,257 - ERROR - could not convert string to float: '-'
2018-08-14 09:18:35,347 - ERROR - could not convert string to float: '-'
2018-08-14 09:18:37,453 - ERROR - could not convert string to float: '-'
2018-08-14 09:18:39,543 - ERROR - could not convert string to float: '-'
2018-08-14 09:18:41,634 - ERROR - could not convert string to float: '-'
2018-08-14 09:18:43,771 - ERROR - could not convert string to float: '-'
2018-08-14 09:18:45,877 - ERROR - could not convert string to float: '-'
2018-08-14 09:18:47,983 - ERROR - could not convert string to float: '-'
2018-08-14 09:18:50,073 - ERROR - could not convert string to float: '-'
2018-08-14 09:18:52,211 - ERROR - could not convert string to float: '-'
2018-08-14 09:18:54,379 - ERROR - could not convert string to float: '-'
2018-08-14 09:18:56,594 - ERROR - could not convert string to float: '-'
2018-08-14 09:18:58,825 - ERROR - could not convert string to float: '-'
2018-08-14 09:19:00,931 - ERROR - could not convert string to float: '-'
2018-08-14 09:19:03,037 - ERROR - could not convert string to float: '-'
2018-08-14 09:19:05,128 - ERROR - could not convert string to float: '-'
2018-08-14 09:19:07,249 - ERROR - could not convert string to float: '-'
2018-08-14 09:19:09,355 - ERROR - could not convert string to float: '-'
2018-08-14 09:19:11,461 - ERROR - could not convert string to float: '-'
2018-08-14 09:19:15,767 - ERROR - could not convert string to float: '-'
2018-08-14 09:19:17,920 - ERROR - could not convert string to float: '-'
2018-08-14 09:19:20,041 - ERROR - could not convert string to float: '-'
2018-08-14 09:19:22,163 - ERROR - could not convert string to float: '-'
2018-08-14 09:19:24,269 - ERROR - could not convert string to float: '-'
2018-08-14 09:19:26,359 - ERROR - could not convert string to float: '-'
2018-08-14 09:19:28,465 - ERROR - could not convert string to float: '-'
2018-08-14 09:19:30,587 - ERROR - could not convert string to float: '-'
2018-08-14 09:19:32,708 - ERROR - could not convert string to float: '-'
2018-08-14 09:19:34,830 - ERROR - could not convert string to float: '-'
2018-08-14 09:19:36,952 - ERROR - could not convert string to float: '-'
2018-08-14 09:19:39,058 - ERROR - could not convert string to float: '-'
2018-08-14 09:19:41,164 - ERROR - could not convert string to float: '-'
2018-08-14 09:19:43,285 - ERROR - could not convert string to float: '-'
2018-08-14 09:19:45,391 - ERROR - could not convert string to float: '-'
2018-08-14 09:19:47,497 - ERROR - could not convert string to float: '-'
2018-08-14 09:19:49,603 - ERROR - could not convert string to float: '-'
2018-08-14 09:19:51,725 - ERROR - could not convert string to float: '-'
2018-08-14 09:19:53,987 - ERROR - could not convert string to float: '-'
2018-08-14 09:19:56,732 - ERROR - could not convert string to float: '-'
2018-08-14 09:19:58,854 - ERROR - could not convert string to float: '-'
2018-08-14 09:20:00,960 - ERROR - could not convert string to float: '-'
2018-08-14 09:20:03,066 - ERROR - could not convert string to float: '-'
2018-08-14 09:20:05,172 - ERROR - could not convert string to float: '-'
2018-08-14 09:20:07,262 - ERROR - could not convert string to float: '-'
2018-08-14 09:20:09,524 - ERROR - could not convert string to float: '-'
2018-08-14 09:20:11,693 - ERROR - could not convert string to float: '-'
2018-08-14 09:20:13,830 - ERROR - could not convert string to float: '-'
2018-08-14 09:20:15,936 - ERROR - could not convert string to float: '-'
2018-08-14 09:20:18,058 - ERROR - could not convert string to float: '-'
2018-08-14 09:20:20,164 - ERROR - could not convert string to float: '-'
2018-08-14 09:20:22,363 - ERROR - could not convert string to float: '-'
2018-08-14 09:20:24,469 - ERROR - could not convert string to float: '-'
2018-08-14 09:20:26,591 - ERROR - could not convert string to float: '-'
2018-08-14 09:20:28,681 - ERROR - could not convert string to float: '-'
2018-08-14 09:20:30,803 - ERROR - could not convert string to float: '-'
2018-08-14 09:20:32,893 - ERROR - could not convert string to float: '-'
2018-08-14 09:20:35,015 - ERROR - could not convert string to float: '-'
2018-08-14 09:20:37,136 - ERROR - could not convert string to float: '-'
2018-08-14 09:20:39,242 - ERROR - could not convert string to float: '-'
2018-08-14 09:20:41,364 - ERROR - could not convert string to float: '-'
2018-08-14 09:20:43,454 - ERROR - could not convert string to float: '-'
2018-08-14 09:20:45,560 - ERROR - could not convert string to float: '-'
2018-08-14 09:20:47,760 - ERROR - could not convert string to float: '-'
2018-08-14 09:20:49,866 - ERROR - could not convert string to float: '-'
2018-08-14 09:20:52,003 - ERROR - could not convert string to float: '-'
2018-08-14 09:20:54,125 - ERROR - could not convert string to float: '-'
2018-08-14 09:20:56,215 - ERROR - could not convert string to float: '-'
2018-08-14 09:20:58,337 - ERROR - could not convert string to float: '-'
2018-08-14 09:21:00,443 - ERROR - could not convert string to float: '-'
2018-08-14 09:21:02,549 - ERROR - could not convert string to float: '-'
2018-08-14 09:21:04,655 - ERROR - could not convert string to float: '-'
2018-08-14 09:21:06,823 - ERROR - could not convert string to float: '-'
2018-08-14 09:21:08,929 - ERROR - could not convert string to float: '-'
2018-08-14 09:21:11,020 - ERROR - could not convert string to float: '-'
2018-08-14 09:21:13,188 - ERROR - could not convert string to float: '-'
2018-08-14 09:21:15,325 - ERROR - could not convert string to float: '-'
2018-08-14 09:21:17,478 - ERROR - could not convert string to float: '-'
2018-08-14 09:21:19,569 - ERROR - could not convert string to float: '-'
2018-08-14 09:21:21,675 - ERROR - could not convert string to float: '-'
2018-08-14 09:21:23,796 - ERROR - could not convert string to float: '-'
2018-08-14 09:21:25,933 - ERROR - could not convert string to float: '-'
2018-08-14 09:21:28,055 - ERROR - could not convert string to float: '-'
2018-08-14 09:21:30,145 - ERROR - could not convert string to float: '-'
2018-08-14 09:21:32,267 - ERROR - could not convert string to float: '-'
2018-08-14 09:21:34,404 - ERROR - could not convert string to float: '-'
2018-08-14 09:21:36,510 - ERROR - could not convert string to float: '-'
2018-08-14 09:21:38,632 - ERROR - could not convert string to float: '-'
2018-08-14 09:21:40,909 - ERROR - could not convert string to float: '-'
2018-08-14 09:21:43,015 - ERROR - could not convert string to float: '-'
2018-08-14 09:21:45,106 - ERROR - could not convert string to float: '-'
2018-08-14 09:21:47,196 - ERROR - could not convert string to float: '-'
2018-08-14 09:21:49,318 - ERROR - could not convert string to float: '-'
2018-08-14 09:21:51,439 - ERROR - could not convert string to float: '-'
2018-08-14 09:21:53,701 - ERROR - could not convert string to float: '-'
2018-08-14 09:21:55,901 - ERROR - could not convert string to float: '-'
2018-08-14 09:21:58,085 - ERROR - could not convert string to float: '-'
2018-08-14 09:22:00,175 - ERROR - could not convert string to float: '-'
2018-08-14 09:22:02,281 - ERROR - could not convert string to float: '-'
2018-08-14 09:22:04,403 - ERROR - could not convert string to float: '-'
2018-08-14 09:22:06,509 - ERROR - could not convert string to float: '-'
2018-08-14 09:22:08,631 - ERROR - could not convert string to float: '-'
2018-08-14 09:22:10,721 - ERROR - could not convert string to float: '-'
2018-08-14 09:22:12,889 - ERROR - could not convert string to float: '-'
2018-08-14 09:22:14,995 - ERROR - could not convert string to float: '-'
2018-08-14 09:22:17,086 - ERROR - could not convert string to float: '-'
2018-08-14 09:22:19,395 - ERROR - could not convert string to float: '-'
2018-08-14 09:22:21,516 - ERROR - could not convert string to float: '-'
2018-08-14 09:22:23,638 - ERROR - could not convert string to float: '-'
2018-08-14 09:22:25,759 - ERROR - could not convert string to float: '-'
2018-08-14 09:22:28,021 - ERROR - could not convert string to float: '-'
2018-08-14 09:22:30,159 - ERROR - could not convert string to float: '-'
2018-08-14 09:22:32,280 - ERROR - could not convert string to float: '-'
2018-08-14 09:22:34,402 - ERROR - could not convert string to float: '-'
2018-08-14 09:22:36,508 - ERROR - could not convert string to float: '-'
2018-08-14 09:22:38,614 - ERROR - could not convert string to float: '-'
2018-08-14 09:22:40,829 - ERROR - could not convert string to float: '-'
2018-08-14 09:22:42,951 - ERROR - could not convert string to float: '-'
2018-08-14 09:22:45,228 - ERROR - could not convert string to float: '-'
2018-08-14 09:22:47,366 - ERROR - could not convert string to float: '-'
2018-08-14 09:22:49,565 - ERROR - could not convert string to float: '-'
2018-08-14 09:22:51,656 - ERROR - could not convert string to float: '-'
2018-08-14 09:22:53,746 - ERROR - could not convert string to float: '-'
2018-08-14 09:22:55,868 - ERROR - could not convert string to float: '-'
2018-08-14 09:22:57,958 - ERROR - could not convert string to float: '-'
2018-08-14 09:23:00,080 - ERROR - could not convert string to float: '-'
2018-08-14 09:23:02,186 - ERROR - could not convert string to float: '-'
2018-08-14 09:23:04,292 - ERROR - could not convert string to float: '-'
2018-08-14 09:23:06,429 - ERROR - could not convert string to float: '-'
2018-08-14 09:23:08,535 - ERROR - could not convert string to float: '-'
2018-08-14 09:23:10,625 - ERROR - could not convert string to float: '-'
2018-08-14 09:23:12,747 - ERROR - could not convert string to float: '-'
2018-08-14 09:23:14,868 - ERROR - could not convert string to float: '-'
2018-08-14 09:23:16,959 - ERROR - could not convert string to float: '-'
2018-08-14 09:23:19,049 - ERROR - could not convert string to float: '-'
2018-08-14 09:23:21,186 - ERROR - could not convert string to float: '-'
2018-08-14 09:23:23,292 - ERROR - could not convert string to float: '-'
2018-08-14 09:23:25,414 - ERROR - could not convert string to float: '-'
2018-08-14 09:23:27,551 - ERROR - could not convert string to float: '-'
2018-08-14 09:23:29,688 - ERROR - could not convert string to float: '-'
2018-08-14 09:23:31,904 - ERROR - could not convert string to float: '-'
2018-08-14 09:23:34,010 - ERROR - could not convert string to float: '-'
2018-08-14 09:23:36,116 - ERROR - could not convert string to float: '-'
2018-08-14 09:23:38,222 - ERROR - could not convert string to float: '-'
2018-08-14 09:23:40,359 - ERROR - could not convert string to float: '-'
2018-08-14 09:23:42,590 - ERROR - could not convert string to float: '-'
2018-08-14 09:23:44,696 - ERROR - could not convert string to float: '-'
2018-08-14 09:23:46,817 - ERROR - could not convert string to float: '-'
2018-08-14 09:23:48,939 - ERROR - could not convert string to float: '-'
2018-08-14 09:23:51,029 - ERROR - could not convert string to float: '-'
2018-08-14 09:23:53,135 - ERROR - could not convert string to float: '-'
2018-08-14 09:23:55,366 - ERROR - could not convert string to float: '-'
2018-08-14 09:23:57,456 - ERROR - could not convert string to float: '-'
2018-08-14 09:23:59,562 - ERROR - could not convert string to float: '-'
2018-08-14 09:24:01,684 - ERROR - could not convert string to float: '-'
2018-08-14 09:24:03,790 - ERROR - could not convert string to float: '-'
2018-08-14 09:24:05,896 - ERROR - could not convert string to float: '-'
2018-08-14 09:24:08,002 - ERROR - could not convert string to float: '-'
2018-08-14 09:24:10,139 - ERROR - could not convert string to float: '-'
2018-08-14 09:24:12,261 - ERROR - could not convert string to float: '-'
2018-08-14 09:24:14,367 - ERROR - could not convert string to float: '-'
2018-08-14 09:24:16,504 - ERROR - could not convert string to float: '-'
2018-08-14 09:24:18,657 - ERROR - could not convert string to float: '-'
2018-08-14 09:24:20,919 - ERROR - could not convert string to float: '-'
2018-08-14 09:24:23,056 - ERROR - could not convert string to float: '-'
2018-08-14 09:24:25,178 - ERROR - could not convert string to float: '-'
2018-08-14 09:24:27,299 - ERROR - could not convert string to float: '-'
2018-08-14 09:24:29,405 - ERROR - could not convert string to float: '-'
2018-08-14 09:24:31,511 - ERROR - could not convert string to float: '-'
2018-08-14 09:24:33,617 - ERROR - could not convert string to float: '-'
2018-08-14 09:24:35,848 - ERROR - could not convert string to float: '-'
2018-08-14 09:24:37,970 - ERROR - could not convert string to float: '-'
2018-08-14 09:24:40,123 - ERROR - could not convert string to float: '-'
2018-08-14 09:24:42,244 - ERROR - could not convert string to float: '-'
2018-08-14 09:24:44,350 - ERROR - could not convert string to float: '-'
2018-08-14 09:24:46,456 - ERROR - could not convert string to float: '-'
2018-08-14 09:24:48,562 - ERROR - could not convert string to float: '-'
2018-08-14 09:24:50,684 - ERROR - could not convert string to float: '-'
2018-08-14 09:24:52,899 - ERROR - could not convert string to float: '-'
2018-08-14 09:24:55,021 - ERROR - could not convert string to float: '-'
2018-08-14 09:24:57,127 - ERROR - could not convert string to float: '-'
2018-08-14 09:24:59,233 - ERROR - could not convert string to float: '-'
2018-08-14 09:25:01,339 - ERROR - could not convert string to float: '-'
2018-08-14 09:25:03,460 - ERROR - could not convert string to float: '-'
2018-08-14 09:25:05,582 - ERROR - could not convert string to float: '-'
2018-08-14 09:25:07,688 - ERROR - could not convert string to float: '-'
2018-08-14 09:25:09,856 - ERROR - could not convert string to float: '-'
2018-08-14 09:25:11,962 - ERROR - could not convert string to float: '-'
2018-08-14 09:25:14,068 - ERROR - could not convert string to float: '-'
2018-08-14 09:25:16,159 - ERROR - could not convert string to float: '-'
2018-08-14 09:25:18,249 - ERROR - could not convert string to float: '-'
2018-08-14 09:25:20,355 - ERROR - could not convert string to float: '-'
2018-08-14 09:25:22,477 - ERROR - could not convert string to float: '-'
2018-08-14 09:25:24,645 - ERROR - could not convert string to float: '-'
2018-08-14 09:25:26,860 - ERROR - could not convert string to float: '-'
2018-08-14 09:25:29,013 - ERROR - could not convert string to float: '-'
2018-08-14 09:25:31,119 - ERROR - could not convert string to float: '-'
2018-08-14 09:25:33,287 - ERROR - could not convert string to float: '-'
2018-08-14 09:25:35,440 - ERROR - could not convert string to float: '-'
2018-08-14 09:25:37,531 - ERROR - could not convert string to float: '-'
2018-08-14 09:25:39,668 - ERROR - could not convert string to float: '-'
2018-08-14 09:25:41,758 - ERROR - could not convert string to float: '-'
2018-08-14 09:25:43,849 - ERROR - could not convert string to float: '-'
2018-08-14 09:25:45,955 - ERROR - could not convert string to float: '-'
2018-08-14 09:25:48,107 - ERROR - could not convert string to float: '-'
2018-08-14 09:25:50,213 - ERROR - could not convert string to float: '-'
2018-08-14 09:25:52,335 - ERROR - could not convert string to float: '-'
2018-08-14 09:25:54,441 - ERROR - could not convert string to float: '-'
2018-08-14 09:25:56,641 - ERROR - could not convert string to float: '-'
2018-08-14 09:25:58,762 - ERROR - could not convert string to float: '-'
2018-08-14 09:26:00,868 - ERROR - could not convert string to float: '-'
2018-08-14 09:26:02,990 - ERROR - could not convert string to float: '-'
2018-08-14 09:26:05,127 - ERROR - could not convert string to float: '-'
2018-08-14 09:26:07,217 - ERROR - could not convert string to float: '-'
2018-08-14 09:26:09,323 - ERROR - could not convert string to float: '-'
2018-08-14 09:26:11,585 - ERROR - could not convert string to float: '-'
2018-08-14 09:26:13,769 - ERROR - could not convert string to float: '-'
2018-08-14 09:26:15,875 - ERROR - could not convert string to float: '-'
2018-08-14 09:26:18,013 - ERROR - could not convert string to float: '-'
2018-08-14 09:26:20,134 - ERROR - could not convert string to float: '-'
2018-08-14 09:26:22,240 - ERROR - could not convert string to float: '-'
2018-08-14 09:26:24,362 - ERROR - could not convert string to float: '-'
2018-08-14 09:26:26,483 - ERROR - could not convert string to float: '-'
2018-08-14 09:26:28,699 - ERROR - could not convert string to float: '-'
2018-08-14 09:26:30,805 - ERROR - could not convert string to float: '-'
2018-08-14 09:26:32,895 - ERROR - could not convert string to float: '-'
2018-08-14 09:26:35,001 - ERROR - could not convert string to float: '-'
2018-08-14 09:26:37,185 - ERROR - could not convert string to float: '-'
2018-08-14 09:26:39,291 - ERROR - could not convert string to float: '-'
2018-08-14 09:26:41,413 - ERROR - could not convert string to float: '-'
2018-08-14 09:26:43,519 - ERROR - could not convert string to float: '-'
2018-08-14 09:26:45,625 - ERROR - could not convert string to float: '-'
2018-08-14 09:26:47,778 - ERROR - could not convert string to float: '-'
2018-08-14 09:26:49,915 - ERROR - could not convert string to float: '-'
2018-08-14 09:26:52,052 - ERROR - could not convert string to float: '-'
2018-08-14 09:30:35,148 - ERROR - name 'cyb_six_industry' is not defined
2018-08-14 09:30:38,720 - ERROR - name 'cyb_six_industry' is not defined
2018-08-14 09:31:54,895 - ERROR - name 'cyb_six_industry' is not defined
2018-08-14 09:33:09,385 - ERROR - name 'cyb_six_industry' is not defined
2018-08-14 09:34:24,047 - ERROR - name 'cyb_six_industry' is not defined
2018-08-14 09:35:39,146 - ERROR - name 'cyb_six_industry' is not defined
2018-08-14 09:35:47,024 - ERROR - HTTPConnectionPool(host='nufm.dfcfw.com', port=80): Max retries exceeded with url: /EM_Finance2014NumericApplication/JS.aspx?type=CT&cmd=C._BKHY&sty=FPGBKI&sortType=(ChangePercent)&sortRule=-1&page=1&pageSize=100&js=var%20XWZSgeRR=%7Brank:[(x)],pages:(pc),total:(tot)%7D&token=7bc05d0d4c3c22ef9fca8c2a912d779c&jsName=quote_123&_g=0.628606915911589&_=1534209157841&wd=python (Caused by NewConnectionError('<requests.packages.urllib3.connection.HTTPConnection object at 0x0000000008981C50>: Failed to establish a new connection: [Errno 11004] getaddrinfo failed',))
2018-08-14 09:36:58,768 - ERROR - name 'cyb_six_industry' is not defined
2018-08-14 09:38:12,931 - ERROR - name 'cyb_six_industry' is not defined
2018-08-14 09:39:27,639 - ERROR - name 'cyb_six_industry' is not defined
2018-08-14 09:40:41,724 - ERROR - name 'cyb_six_industry' is not defined
2018-08-14 09:41:55,918 - ERROR - name 'cyb_six_industry' is not defined
2018-08-14 09:43:10,330 - ERROR - name 'cyb_six_industry' is not defined
2018-08-14 09:44:23,993 - ERROR - name 'cyb_six_industry' is not defined
2018-08-14 09:45:38,702 - ERROR - name 'cyb_six_industry' is not defined
2018-08-14 09:46:54,143 - ERROR - name 'cyb_six_industry' is not defined
2018-08-14 09:48:08,321 - ERROR - name 'cyb_six_industry' is not defined
2018-08-14 09:49:22,234 - ERROR - name 'cyb_six_industry' is not defined
2018-08-14 09:50:36,397 - ERROR - name 'cyb_six_industry' is not defined
2018-08-14 09:51:51,012 - ERROR - name 'cyb_six_industry' is not defined
2018-08-14 09:53:06,329 - ERROR - name 'cyb_six_industry' is not defined
2018-08-14 09:54:20,288 - ERROR - name 'cyb_six_industry' is not defined
2018-08-14 09:55:34,903 - ERROR - name 'cyb_six_industry' is not defined
2018-08-14 09:55:45,933 - ERROR - name 'cyb_six_industry' is not defined
2018-08-14 09:56:57,864 - ERROR - name 'cyb_six_industry' is not defined
2018-08-14 09:58:12,386 - ERROR - name 'cyb_six_industry' is not defined
2018-08-14 09:59:27,609 - ERROR - name 'cyb_six_industry' is not defined
2018-08-14 10:00:42,271 - ERROR - name 'cyb_six_industry' is not defined
2018-08-14 10:01:57,775 - ERROR - name 'cyb_six_industry' is not defined
2018-08-14 10:03:11,844 - ERROR - name 'cyb_six_industry' is not defined
2018-08-14 10:04:26,037 - ERROR - name 'cyb_six_industry' is not defined
2018-08-14 10:05:40,247 - ERROR - name 'cyb_six_industry' is not defined
2018-08-14 10:06:54,331 - ERROR - name 'cyb_six_industry' is not defined
2018-08-14 10:08:08,494 - ERROR - name 'cyb_six_industry' is not defined
2018-08-14 10:09:22,781 - ERROR - name 'cyb_six_industry' is not defined
2018-08-14 10:10:36,663 - ERROR - name 'cyb_six_industry' is not defined
2018-08-14 10:11:51,590 - ERROR - name 'cyb_six_industry' is not defined
2018-08-14 10:13:05,440 - ERROR - name 'cyb_six_industry' is not defined
2018-08-14 10:14:19,447 - ERROR - name 'cyb_six_industry' is not defined
2018-08-14 10:15:33,173 - ERROR - name 'cyb_six_industry' is not defined
2018-08-14 10:15:46,776 - ERROR - name 'cyb_six_industry' is not defined
2018-08-14 10:16:58,645 - ERROR - name 'cyb_six_industry' is not defined
2018-08-14 10:18:12,667 - ERROR - name 'cyb_six_industry' is not defined
2018-08-14 10:18:28,720 - ERROR - HTTPConnectionPool(host='nufm.dfcfw.com', port=80): Read timed out. (read timeout=10)
2018-08-14 10:19:27,220 - ERROR - name 'cyb_six_industry' is not defined
2018-08-14 10:20:41,133 - ERROR - name 'cyb_six_industry' is not defined
2018-08-14 10:21:55,311 - ERROR - name 'cyb_six_industry' is not defined
2018-08-14 10:23:09,739 - ERROR - name 'cyb_six_industry' is not defined
2018-08-14 10:24:23,870 - ERROR - name 'cyb_six_industry' is not defined
2018-08-14 10:25:38,610 - ERROR - name 'cyb_six_industry' is not defined
2018-08-14 10:26:58,794 - ERROR - name 'cyb_six_industry' is not defined
2018-08-14 10:28:13,378 - ERROR - name 'cyb_six_industry' is not defined
2018-08-14 10:29:28,695 - ERROR - name 'cyb_six_industry' is not defined
2018-08-14 10:30:42,623 - ERROR - name 'cyb_six_industry' is not defined
2018-08-14 10:31:57,004 - ERROR - name 'cyb_six_industry' is not defined
2018-08-14 10:33:11,229 - ERROR - name 'cyb_six_industry' is not defined
2018-08-14 10:34:25,204 - ERROR - name 'cyb_six_industry' is not defined
2018-08-14 10:35:39,226 - ERROR - name 'cyb_six_industry' is not defined
2018-08-14 10:35:50,458 - ERROR - name 'cyb_six_industry' is not defined
2018-08-14 10:37:00,222 - ERROR - name 'cyb_six_industry' is not defined
2018-08-14 10:38:14,369 - ERROR - name 'cyb_six_industry' is not defined
2018-08-14 10:39:28,578 - ERROR - name 'cyb_six_industry' is not defined
2018-08-14 10:40:43,224 - ERROR - name 'cyb_six_industry' is not defined
2018-08-14 10:41:57,496 - ERROR - name 'cyb_six_industry' is not defined
2018-08-14 10:43:11,752 - ERROR - name 'cyb_six_industry' is not defined
2018-08-14 10:44:25,915 - ERROR - name 'cyb_six_industry' is not defined
2018-08-14 10:45:41,153 - ERROR - name 'cyb_six_industry' is not defined
2018-08-14 10:45:47,175 - ERROR - name 'cyb_six_industry' is not defined
2018-08-14 10:47:01,525 - ERROR - name 'cyb_six_industry' is not defined
2018-08-14 10:48:16,733 - ERROR - name 'cyb_six_industry' is not defined
2018-08-14 10:49:31,113 - ERROR - name 'cyb_six_industry' is not defined
2018-08-14 10:50:45,416 - ERROR - name 'cyb_six_industry' is not defined
2018-08-14 10:51:59,610 - ERROR - name 'cyb_six_industry' is not defined
2018-08-14 10:53:14,927 - ERROR - name 'cyb_six_industry' is not defined
2018-08-14 10:54:29,246 - ERROR - name 'cyb_six_industry' is not defined
2018-08-14 10:55:43,424 - ERROR - name 'cyb_six_industry' is not defined
2018-08-14 10:55:49,523 - ERROR - name 'cyb_six_industry' is not defined
2018-08-14 10:57:03,795 - ERROR - name 'cyb_six_industry' is not defined
2018-08-14 10:58:18,316 - ERROR - name 'cyb_six_industry' is not defined
2018-08-14 10:59:32,931 - ERROR - name 'cyb_six_industry' is not defined
2018-08-14 11:00:46,891 - ERROR - name 'cyb_six_industry' is not defined
2018-08-14 11:02:00,851 - ERROR - name 'cyb_six_industry' is not defined
2018-08-14 11:03:15,060 - ERROR - name 'cyb_six_industry' is not defined
2018-08-14 11:04:29,925 - ERROR - name 'cyb_six_industry' is not defined
2018-08-14 11:05:43,947 - ERROR - name 'cyb_six_industry' is not defined
2018-08-14 11:07:02,836 - ERROR - name 'cyb_six_industry' is not defined
2018-08-14 11:08:17,264 - ERROR - name 'cyb_six_industry' is not defined
2018-08-14 11:10:33,350 - ERROR - name 'cyb_six_industry' is not defined
2018-08-14 11:11:47,435 - ERROR - name 'cyb_six_industry' is not defined
2018-08-14 11:13:01,878 - ERROR - name 'cyb_six_industry' is not defined
2018-08-14 11:14:16,166 - ERROR - name 'cyb_six_industry' is not defined
2018-08-14 11:15:30,827 - ERROR - name 'cyb_six_industry' is not defined
2018-08-14 11:16:45,302 - ERROR - name 'cyb_six_industry' is not defined
2018-08-14 11:16:48,890 - ERROR - name 'cyb_six_industry' is not defined
2018-08-14 11:18:03,427 - ERROR - name 'cyb_six_industry' is not defined
2018-08-14 11:19:17,277 - ERROR - name 'cyb_six_industry' is not defined
2018-08-14 11:20:31,175 - ERROR - name 'cyb_six_industry' is not defined
2018-08-14 11:21:45,540 - ERROR - name 'cyb_six_industry' is not defined
2018-08-14 11:22:59,843 - ERROR - name 'cyb_six_industry' is not defined
2018-08-14 11:24:14,052 - ERROR - name 'cyb_six_industry' is not defined
2018-08-14 11:25:28,308 - ERROR - name 'cyb_six_industry' is not defined
2018-08-14 11:26:42,486 - ERROR - name 'cyb_six_industry' is not defined
2018-08-14 11:26:51,020 - ERROR - name 'cyb_six_industry' is not defined
2018-08-14 11:28:04,745 - ERROR - name 'cyb_six_industry' is not defined
2018-08-14 11:29:19,126 - ERROR - name 'cyb_six_industry' is not defined
2018-08-14 11:45:42,474 - ERROR - HTTPConnectionPool(host='nufm.dfcfw.com', port=80): Read timed out. (read timeout=10)
2018-08-14 12:16:00,376 - ERROR - HTTPConnectionPool(host='nufm.dfcfw.com', port=80): Read timed out. (read timeout=10)
2018-08-14 13:00:06,703 - INFO - vmware <br> cyb_diff : -0.00182658555926<br> cyb_min_diff : -0.00182658555926 , cyb_min_diff_time : 2018-08-14 13:00:05<br> cyb_max_diff : 0 , cyb_max_diff_time : None<br> cyb_std_sell : 0.34453064057819965<br> cyb_std_buy : -0.5806672031459533 <br> cyb_industry : -0.4158186058951076<br> six_indst : 0.18618272425249172<br> six_i : 0.18618272425249172<br> a50_diff : 0.054860167428405826 <br> sz50_real : -0.5589571083191025<br> cyb_real : -1.0360860422897633<br> cyb_b : 0.732104685547<br> sz50_b : 0.8
2018-08-14 13:00:27,061 - INFO - vmware <br> cyb_diff : -0.0100242766718<br> cyb_min_diff : -0.0100242766718 , cyb_min_diff_time : 2018-08-14 13:00:27<br> cyb_max_diff : 0 , cyb_max_diff_time : None<br> cyb_std_sell : 0.34453064057819965<br> cyb_std_buy : -0.5806672031459533 <br> cyb_industry : -0.4361851191025476<br> six_indst : 0.2055571955719557<br> six_i : 0.2055571955719557<br> a50_diff : 0.04145299434629446 <br> sz50_real : -0.5529898100817499<br> cyb_real : -1.0120548016769537<br> cyb_b : 0.732104685547<br> sz50_b : 0.8
2018-08-14 13:01:43,610 - INFO - vmware <br> cyb_diff : -0.0118144060158<br> cyb_min_diff : -0.0118144060158 , cyb_min_diff_time : 2018-08-14 13:01:43<br> cyb_max_diff : 0 , cyb_max_diff_time : None<br> cyb_std_sell : 0.34453064057819965<br> cyb_std_buy : -0.5806672031459533 <br> cyb_industry : -0.44653025584517647<br> six_indst : 0.20239237490071485<br> six_i : 0.20239237490071485<br> a50_diff : -0.006977729173838654 <br> sz50_real : -0.6045853542731239<br> cyb_real : -1.0100304308644614<br> cyb_b : 0.732104685547<br> sz50_b : 0.8
2018-08-14 13:02:57,180 - INFO - vmware <br> cyb_diff : -0.00143790366084<br> cyb_min_diff : -0.0118144060158 , cyb_min_diff_time : 2018-08-14 13:01:43<br> cyb_max_diff : 0 , cyb_max_diff_time : None<br> cyb_std_sell : 0.34453064057819965<br> cyb_std_buy : -0.5806672031459533 <br> cyb_industry : -0.4325941870132638<br> six_indst : 0.16759468438538205<br> six_i : 0.16759468438538205<br> a50_diff : 0.00012588757470111123 <br> sz50_real : -0.6322794280399169<br> cyb_real : -1.016691263860403<br> cyb_b : 0.732104685547<br> sz50_b : 0.8
2018-08-14 13:04:11,046 - INFO - vmware <br> cyb_diff : 0.0127430553266<br> cyb_min_diff : -0.0118144060158 , cyb_min_diff_time : 2018-08-14 13:01:43<br> cyb_max_diff : 0.0127430553266 , cyb_max_diff_time : 2018-08-14 13:04:10<br> cyb_std_sell : 0.34453064057819965<br> cyb_std_buy : -0.5806672031459533 <br> cyb_industry : -0.37059956278133366<br> six_indst : 0.17197776012708496<br> six_i : 0.17197776012708496<br> a50_diff : -0.008231352307487394 <br> sz50_real : -0.6362535921804024<br> cyb_real : -0.966343202685227<br> cyb_b : 0.732104685547<br> sz50_b : 0.8
2018-08-14 13:05:25,084 - INFO - vmware <br> cyb_diff : 0.0258898518042<br> cyb_min_diff : -0.0118144060158 , cyb_min_diff_time : 2018-08-14 13:01:43<br> cyb_max_diff : 0.0258898518042 , cyb_max_diff_time : 2018-08-14 13:05:25<br> cyb_std_sell : 0.34453064057819965<br> cyb_std_buy : -0.5806672031459533 <br> cyb_industry : -0.37466998956166203<br> six_indst : 0.18<br> six_i : 0.18<br> a50_diff : 0.010012203306443812 <br> sz50_real : -0.6099877966935563<br> cyb_real : -0.9317329920200623<br> cyb_b : 0.732104685547<br> sz50_b : 0.8
2018-08-14 13:06:41,368 - INFO - vmware <br> cyb_diff : 0.0336404477247<br> cyb_min_diff : -0.0118144060158 , cyb_min_diff_time : 2018-08-14 13:01:43<br> cyb_max_diff : 0.0336404477247 , cyb_max_diff_time : 2018-08-14 13:06:40<br> cyb_std_sell : 0.34453064057819965<br> cyb_std_buy : -0.5806672031459533 <br> cyb_industry : -0.37314236334907686<br> six_indst : 0.19819269102990034<br> six_i : 0.19819269102990034<br> a50_diff : -0.00047020582247103704 <br> sz50_real : -0.6022775147925707<br> cyb_real : -0.9103138427782098<br> cyb_b : 0.732104685547<br> sz50_b : 0.8
2018-08-14 13:06:46,329 - INFO - vmware <br> cyb_diff : 0.0390216944725<br> cyb_min_diff : -0.0118144060158 , cyb_min_diff_time : 2018-08-14 13:01:43<br> cyb_max_diff : 0.0390216944725 , cyb_max_diff_time : 2018-08-14 13:06:46<br> cyb_std_sell : 0.34453064057819965<br> cyb_std_buy : -0.5806672031459533 <br> cyb_industry : -0.3682489969492182<br> six_indst : 0.19879512735326688<br> six_i : 0.19879512735326688<br> a50_diff : -0.010586427976554624 <br> sz50_real : -0.6117913006232878<br> cyb_real : -0.9020204526754227<br> cyb_b : 0.732104685547<br> sz50_b : 0.8
2018-08-14 13:07:59,696 - INFO - vmware <br> cyb_diff : 0.0313124287194<br> cyb_min_diff : -0.0118144060158 , cyb_min_diff_time : 2018-08-14 13:01:43<br> cyb_max_diff : 0.0390216944725 , cyb_max_diff_time : 2018-08-14 13:06:46<br> cyb_std_sell : 0.34453064057819965<br> cyb_std_buy : -0.5806672031459533 <br> cyb_industry : -0.41393350133561585<br> six_indst : 0.19469878183831674<br> six_i : 0.19469878183831674<br> a50_diff : -0.028793817861191506 <br> sz50_real : -0.6340950360228748<br> cyb_real : -0.969151200909002<br> cyb_b : 0.732104685547<br> sz50_b : 0.8
2018-08-14 13:09:15,574 - INFO - vmware <br> cyb_diff : 0.0316834698552<br> cyb_min_diff : -0.0118144060158 , cyb_min_diff_time : 2018-08-14 13:01:43<br> cyb_max_diff : 0.0390216944725 , cyb_max_diff_time : 2018-08-14 13:06:46<br> cyb_std_sell : 0.34453064057819965<br> cyb_std_buy : -0.5806672031459533 <br> cyb_industry : -0.3969353595801119<br> six_indst : 0.15409634551495016<br> six_i : 0.15409634551495016<br> a50_diff : -0.05253652845399204 <br> sz50_real : -0.6984401829390419<br> cyb_real : -1.0051980618282053<br> cyb_b : 0.732104685547<br> sz50_b : 0.8
2018-08-14 13:10:28,879 - INFO - vmware <br> cyb_diff : 0.0432461604954<br> cyb_min_diff : -0.0118144060158 , cyb_min_diff_time : 2018-08-14 13:01:43<br> cyb_max_diff : 0.0432461604954 , cyb_max_diff_time : 2018-08-14 13:10:28<br> cyb_std_sell : 0.34453064057819965<br> cyb_std_buy : -0.5806672031459533 <br> cyb_industry : -0.37888703688933695<br> six_indst : 0.12403375527426158<br> six_i : 0.12403375527426158<br> a50_diff : -0.02816284322659368 <br> sz50_real : -0.7041290879523321<br> cyb_real : -0.9871746313686036<br> cyb_b : 0.732104685547<br> sz50_b : 0.8
2018-08-14 13:11:45,054 - INFO - vmware <br> cyb_diff : 0.0515162339478<br> cyb_min_diff : -0.0118144060158 , cyb_min_diff_time : 2018-08-14 13:01:43<br> cyb_max_diff : 0.0515162339478 , cyb_max_diff_time : 2018-08-14 13:11:44<br> cyb_std_sell : 0.34453064057819965<br> cyb_std_buy : -0.5806672031459533 <br> cyb_industry : -0.3869822937576446<br> six_indst : 0.116549642573471<br> six_i : 0.116549642573471<br> a50_diff : -0.07722483248404666 <br> sz50_real : -0.7606751899105757<br> cyb_real : -1.0157117295962914<br> cyb_b : 0.732104685547<br> sz50_b : 0.8
2018-08-14 13:12:25,442 - ERROR - HTTPConnectionPool(host='nufm.dfcfw.com', port=80): Read timed out. (read timeout=10)
2018-08-14 13:12:58,218 - INFO - vmware <br> cyb_diff : 0.0571022234255<br> cyb_min_diff : -0.0118144060158 , cyb_min_diff_time : 2018-08-14 13:01:43<br> cyb_max_diff : 0.0571022234255 , cyb_max_diff_time : 2018-08-14 13:12:58<br> cyb_std_sell : 0.34453064057819965<br> cyb_std_buy : -0.5806672031459533 <br> cyb_industry : -0.3902390822505395<br> six_indst : 0.10438443208895946<br> six_i : 0.10438443208895946<br> a50_diff : -0.08693164616762539 <br> sz50_real : -0.782547214078666<br> cyb_real : -1.0524769156425084<br> cyb_b : 0.732104685547<br> sz50_b : 0.8
2018-08-14 13:14:14,330 - INFO - vmware <br> cyb_diff : 0.0787178977392<br> cyb_min_diff : -0.0118144060158 , cyb_min_diff_time : 2018-08-14 13:01:43<br> cyb_max_diff : 0.0787178977392 , cyb_max_diff_time : 2018-08-14 13:14:13<br> cyb_std_sell : 0.34453064057819965<br> cyb_std_buy : -0.5806672031459533 <br> cyb_industry : -0.35272915131841986<br> six_indst : 0.062101265822784746<br> six_i : 0.062101265822784746<br> a50_diff : -0.019637471265039896 <br> sz50_real : -0.7575362054422552<br> cyb_real : -1.0161688455862183<br> cyb_b : 0.732104685547<br> sz50_b : 0.8
2018-08-14 13:15:29,507 - INFO - vmware <br> cyb_diff : 0.0889206139324<br> cyb_min_diff : -0.0118144060158 , cyb_min_diff_time : 2018-08-14 13:01:43<br> cyb_max_diff : 0.0889206139324 , cyb_max_diff_time : 2018-08-14 13:15:29<br> cyb_std_sell : 0.34453064057819965<br> cyb_std_buy : -0.5806672031459533 <br> cyb_industry : -0.3576188769547986<br> six_indst : 0.07948848292295471<br> six_i : 0.07948848292295471<br> a50_diff : -0.03523328848869367 <br> sz50_real : -0.755744805565739<br> cyb_real : -1.0150587067535577<br> cyb_b : 0.732104685547<br> sz50_b : 0.8
2018-08-14 13:16:45,401 - INFO - vmware <br> cyb_diff : 0.115613729585<br> cyb_min_diff : -0.0118144060158 , cyb_min_diff_time : 2018-08-14 13:01:43<br> cyb_max_diff : 0.115613729585 , cyb_max_diff_time : 2018-08-14 13:16:44<br> cyb_std_sell : 0.34453064057819965<br> cyb_std_buy : -0.5806672031459533 <br> cyb_industry : -0.24654716805703714<br> six_indst : 0.10210126582278473<br> six_i : 0.10210126582278473<br> a50_diff : 0.021730009162490127 <br> sz50_real : -0.6761687250147252<br> cyb_real : -0.8429218854075438<br> cyb_b : 0.732104685547<br> sz50_b : 0.8
2018-08-14 13:17:58,690 - INFO - vmware <br> cyb_diff : 0.118398559054<br> cyb_min_diff : -0.0118144060158 , cyb_min_diff_time : 2018-08-14 13:01:43<br> cyb_max_diff : 0.118398559054 , cyb_max_diff_time : 2018-08-14 13:17:58<br> cyb_std_sell : 0.34453064057819965<br> cyb_std_buy : -0.5806672031459533 <br> cyb_industry : -0.30899765586845795<br> six_indst : 0.1578623326959847<br> six_i : 0.1578623326959847<br> a50_diff : -0.007454591524553189 <br> sz50_real : -0.6495922588285685<br> cyb_real : -0.8292737079942936<br> cyb_b : 0.732104685547<br> sz50_b : 0.8
2018-08-14 13:19:15,130 - INFO - vmware <br> cyb_diff : 0.11516748133<br> cyb_min_diff : -0.0118144060158 , cyb_min_diff_time : 2018-08-14 13:01:43<br> cyb_max_diff : 0.118398559054 , cyb_max_diff_time : 2018-08-14 13:17:58<br> cyb_std_sell : 0.34453064057819965<br> cyb_std_buy : -0.5806672031459533 <br> cyb_industry : -0.3162453688171256<br> six_indst : 0.17244741873804967<br> six_i : 0.17244741873804967<br> a50_diff : -0.034264771318556764 <br> sz50_real : -0.6618173525805071<br> cyb_real : -0.8173886922564488<br> cyb_b : 0.732104685547<br> sz50_b : 0.8
2018-08-14 13:20:28,559 - INFO - vmware <br> cyb_diff : 0.105327476591<br> cyb_min_diff : -0.0118144060158 , cyb_min_diff_time : 2018-08-14 13:01:43<br> cyb_max_diff : 0.118398559054 , cyb_max_diff_time : 2018-08-14 13:17:58<br> cyb_std_sell : 0.34453064057819965<br> cyb_std_buy : -0.5806672031459533 <br> cyb_industry : -0.32061157481544206<br> six_indst : 0.19440535372848938<br> six_i : 0.19440535372848938<br> a50_diff : -0.06598664257291431 <br> sz50_real : -0.671581288844425<br> cyb_real : -0.7994958663653962<br> cyb_b : 0.732104685547<br> sz50_b : 0.8
2018-08-14 13:21:42,722 - INFO - vmware <br> cyb_diff : 0.0828852722764<br> cyb_min_diff : -0.0118144060158 , cyb_min_diff_time : 2018-08-14 13:01:43<br> cyb_max_diff : 0.118398559054 , cyb_max_diff_time : 2018-08-14 13:17:58<br> cyb_std_sell : 0.34453064057819965<br> cyb_std_buy : -0.5806672031459533 <br> cyb_industry : -0.34954066749187823<br> six_indst : 0.21521262458471757<br> six_i : 0.21521262458471757<br> a50_diff : -0.16958967213663045 <br> sz50_real : -0.7543770475519129<br> cyb_real : -0.8663654054618664<br> cyb_b : 0.732104685547<br> sz50_b : 0.8
2018-08-14 13:22:56,276 - INFO - vmware <br> cyb_diff : 0.056045460039<br> cyb_min_diff : -0.0118144060158 , cyb_min_diff_time : 2018-08-14 13:01:43<br> cyb_max_diff : 0.118398559054 , cyb_max_diff_time : 2018-08-14 13:17:58<br> cyb_std_sell : 0.34453064057819965<br> cyb_std_buy : -0.5806672031459533 <br> cyb_industry : -0.3859333568489918<br> six_indst : 0.20839396346306588<br> six_i : 0.20839396346306588<br> a50_diff : -0.17803422212507347 <br> sz50_real : -0.7696402586620077<br> cyb_real : -0.9344103856752883<br> cyb_b : 0.732104685547<br> sz50_b : 0.8
2018-08-14 13:24:12,513 - INFO - vmware <br> cyb_diff : 0.0407934808736<br> cyb_min_diff : -0.0118144060158 , cyb_min_diff_time : 2018-08-14 13:01:43<br> cyb_max_diff : 0.118398559054 , cyb_max_diff_time : 2018-08-14 13:17:58<br> cyb_std_sell : 0.34453064057819965<br> cyb_std_buy : -0.5806672031459533 <br> cyb_industry : -0.37379001477297846<br> six_indst : 0.19344839857651244<br> six_i : 0.19344839857651244<br> a50_diff : -0.20433927061140977 <br> sz50_real : -0.8108908720348973<br> cyb_real : -0.960465997100568<br> cyb_b : 0.732104685547<br> sz50_b : 0.8
2018-08-14 13:25:26,426 - INFO - vmware <br> cyb_diff : 0.0428009461337<br> cyb_min_diff : -0.0118144060158 , cyb_min_diff_time : 2018-08-14 13:01:43<br> cyb_max_diff : 0.118398559054 , cyb_max_diff_time : 2018-08-14 13:17:58<br> cyb_std_sell : 0.34453064057819965<br> cyb_std_buy : -0.5806672031459533 <br> cyb_industry : -0.3463201432555157<br> six_indst : 0.16438434163701068<br> six_i : 0.16438434163701068<br> a50_diff : -0.13802700723035433 <br> sz50_real : -0.7736426655933437<br> cyb_real : -0.9388509410059087<br> cyb_b : 0.732104685547<br> sz50_b : 0.8
2018-08-14 13:26:42,929 - INFO - vmware <br> cyb_diff : 0.0320463364986<br> cyb_min_diff : -0.0118144060158 , cyb_min_diff_time : 2018-08-14 13:01:43<br> cyb_max_diff : 0.118398559054 , cyb_max_diff_time : 2018-08-14 13:17:58<br> cyb_std_sell : 0.34453064057819965<br> cyb_std_buy : -0.5806672031459533 <br> cyb_industry : -0.41812456517505786<br> six_indst : 0.16650498338870431<br> six_i : 0.16650498338870431<br> a50_diff : -0.16700250839225605 <br> sz50_real : -0.8004975250035518<br> cyb_real : -1.0274008384813293<br> cyb_b : 0.732104685547<br> sz50_b : 0.8
2018-08-14 13:27:58,760 - INFO - vmware <br> cyb_diff : 0.0241406823481<br> cyb_min_diff : -0.0118144060158 , cyb_min_diff_time : 2018-08-14 13:01:43<br> cyb_max_diff : 0.118398559054 , cyb_max_diff_time : 2018-08-14 13:17:58<br> cyb_std_sell : 0.34453064057819965<br> cyb_std_buy : -0.5806672031459533 <br> cyb_industry : -0.42820540461096374<br> six_indst : 0.15449169435215948<br> six_i : 0.15449169435215948<br> a50_diff : -0.15060351740576183 <br> sz50_real : -0.7961118230536024<br> cyb_real : -1.0684106730053378<br> cyb_b : 0.732104685547<br> sz50_b : 0.8
2018-08-14 13:29:15,450 - INFO - vmware <br> cyb_diff : 0.0173670673828<br> cyb_min_diff : -0.0118144060158 , cyb_min_diff_time : 2018-08-14 13:01:43<br> cyb_max_diff : 0.118398559054 , cyb_max_diff_time : 2018-08-14 13:17:58<br> cyb_std_sell : 0.34453064057819965<br> cyb_std_buy : -0.5806672031459533 <br> cyb_industry : -0.4529430435932203<br> six_indst : 0.12466888150609079<br> six_i : 0.12466888150609079<br> a50_diff : -0.2017890980750403 <br> sz50_real : -0.8771202165689496<br> cyb_real : -1.1345618869748053<br> cyb_b : 0.732104685547<br> sz50_b : 0.8
2018-08-14 13:30:29,035 - INFO - vmware <br> cyb_diff : 0.0303826478859<br> cyb_min_diff : -0.0118144060158 , cyb_min_diff_time : 2018-08-14 13:01:43<br> cyb_max_diff : 0.118398559054 , cyb_max_diff_time : 2018-08-14 13:17:58<br> cyb_std_sell : 0.34453064057819965<br> cyb_std_buy : -0.5806672031459533 <br> cyb_industry : -0.3645315140054164<br> six_indst : 0.09088165210484508<br> six_i : 0.09088165210484508<br> a50_diff : -0.19538527174126596 <br> sz50_real : -0.9045036196364209<br> cyb_real : -1.1028249768176845<br> cyb_b : 0.732104685547<br> sz50_b : 0.8
2018-08-14 13:31:42,855 - INFO - vmware <br> cyb_diff : 0.0355758070893<br> cyb_min_diff : -0.0118144060158 , cyb_min_diff_time : 2018-08-14 13:01:43<br> cyb_max_diff : 0.118398559054 , cyb_max_diff_time : 2018-08-14 13:17:58<br> cyb_std_sell : 0.34453064057819965<br> cyb_std_buy : -0.5806672031459533 <br> cyb_industry : -0.4029706732135102<br> six_indst : 0.06852899126290707<br> six_i : 0.06852899126290707<br> a50_diff : -0.14938129090795882 <br> sz50_real : -0.8808522996450519<br> cyb_real : -1.1809918110935347<br> cyb_b : 0.732104685547<br> sz50_b : 0.8
2018-08-14 13:32:56,331 - INFO - vmware <br> cyb_diff : 0.0406980639049<br> cyb_min_diff : -0.0118144060158 , cyb_min_diff_time : 2018-08-14 13:01:43<br> cyb_max_diff : 0.118398559054 , cyb_max_diff_time : 2018-08-14 13:17:58<br> cyb_std_sell : 0.34453064057819965<br> cyb_std_buy : -0.5806672031459533 <br> cyb_industry : -0.4099591186680385<br> six_indst : 0.0708816521048451<br> six_i : 0.0708816521048451<br> a50_diff : -0.13588974608523563 <br> sz50_real : -0.8650080939803906<br> cyb_real : -1.1799469745451652<br> cyb_b : 0.732104685547<br> sz50_b : 0.8
2018-08-14 13:34:12,521 - INFO - vmware <br> cyb_diff : 0.0550338609647<br> cyb_min_diff : -0.0118144060158 , cyb_min_diff_time : 2018-08-14 13:01:43<br> cyb_max_diff : 0.118398559054 , cyb_max_diff_time : 2018-08-14 13:17:58<br> cyb_std_sell : 0.34453064057819965<br> cyb_std_buy : -0.5806672031459533 <br> cyb_industry : -0.35750115366108687<br> six_indst : 0.09088165210484508<br> six_i : 0.09088165210484508<br> a50_diff : -0.08518190185987617 <br> sz50_real : -0.7943002497550311<br> cyb_real : -1.0625334674206899<br> cyb_b : 0.732104685547<br> sz50_b : 0.8
2018-08-14 13:35:26,668 - INFO - vmware <br> cyb_diff : 0.0570483207948<br> cyb_min_diff : -0.0118144060158 , cyb_min_diff_time : 2018-08-14 13:01:43<br> cyb_max_diff : 0.118398559054 , cyb_max_diff_time : 2018-08-14 13:17:58<br> cyb_std_sell : 0.34453064057819965<br> cyb_std_buy : -0.5806672031459533 <br> cyb_industry : -0.3908839662466927<br> six_indst : 0.12235266084193805<br> six_i : 0.12235266084193805<br> a50_diff : -0.08612648837677961 <br> sz50_real : -0.7637738275348416<br> cyb_real : -1.0349759034571027<br> cyb_b : 0.732104685547<br> sz50_b : 0.8
2018-08-14 13:36:41,658 - INFO - vmware <br> cyb_diff : 0.0600084869904<br> cyb_min_diff : -0.0118144060158 , cyb_min_diff_time : 2018-08-14 13:01:43<br> cyb_max_diff : 0.118398559054 , cyb_max_diff_time : 2018-08-14 13:17:58<br> cyb_std_sell : 0.34453064057819965<br> cyb_std_buy : -0.5806672031459533 <br> cyb_industry : -0.4152355591151259<br> six_indst : 0.08832883240667196<br> six_i : 0.08832883240667196<br> a50_diff : -0.08333515193287555 <br> sz50_real : -0.7950063195262036<br> cyb_real : -1.0601825851868196<br> cyb_b : 0.732104685547<br> sz50_b : 0.8
2018-08-14 13:36:46,743 - INFO - vmware <br> cyb_diff : 0.0520167923047<br> cyb_min_diff : -0.0118144060158 , cyb_min_diff_time : 2018-08-14 13:01:43<br> cyb_max_diff : 0.118398559054 , cyb_max_diff_time : 2018-08-14 13:17:58<br> cyb_std_sell : 0.34453064057819965<br> cyb_std_buy : -0.5806672031459533 <br> cyb_industry : -0.4243597794938677<br> six_indst : 0.12470532168387609<br> six_i : 0.12470532168387609<br> a50_diff : -0.11353453938360292 <br> sz50_real : -0.7888292176997269<br> cyb_real : -1.0684759752896067<br> cyb_b : 0.732104685547<br> sz50_b : 0.8
2018-08-14 13:37:59,361 - INFO - vmware <br> cyb_diff : 0.0510625980602<br> cyb_min_diff : -0.0118144060158 , cyb_min_diff_time : 2018-08-14 13:01:43<br> cyb_max_diff : 0.118398559054 , cyb_max_diff_time : 2018-08-14 13:17:58<br> cyb_std_sell : 0.34453064057819965<br> cyb_std_buy : -0.5806672031459533 <br> cyb_industry : -0.4380130324601694<br> six_indst : 0.0862562277580071<br> six_i : 0.0862562277580071<br> a50_diff : -0.048944725187471616 <br> sz50_real : -0.7626884974294645<br> cyb_real : -1.092964331892321<br> cyb_b : 0.732104685547<br> sz50_b : 0.8
2018-08-14 13:39:13,430 - INFO - vmware <br> cyb_diff : 0.0376451176098<br> cyb_min_diff : -0.0118144060158 , cyb_min_diff_time : 2018-08-14 13:01:43<br> cyb_max_diff : 0.118398559054 , cyb_max_diff_time : 2018-08-14 13:17:58<br> cyb_std_sell : 0.34453064057819965<br> cyb_std_buy : -0.5806672031459533 <br> cyb_industry : -0.437044507530188<br> six_indst : 0.13717081850533802<br> six_i : 0.13717081850533802<br> a50_diff : -0.11175760024981751 <br> sz50_real : -0.7745867817444796<br> cyb_real : -1.0844097326524471<br> cyb_b : 0.732104685547<br> sz50_b : 0.8
2018-08-14 13:40:28,591 - INFO - vmware <br> cyb_diff : 0.0257226911693<br> cyb_min_diff : -0.0118144060158 , cyb_min_diff_time : 2018-08-14 13:01:43<br> cyb_max_diff : 0.118398559054 , cyb_max_diff_time : 2018-08-14 13:17:58<br> cyb_std_sell : 0.34453064057819965<br> cyb_std_buy : -0.5806672031459533 <br> cyb_industry : -0.4476863456185097<br> six_indst : 0.12717081850533804<br> six_i : 0.12717081850533804<br> a50_diff : -0.18929411313501776 <br> sz50_real : -0.8621232946296797<br> cyb_real : -1.1262031945877382<br> cyb_b : 0.732104685547<br> sz50_b : 0.8
2018-08-14 13:41:44,376 - INFO - vmware <br> cyb_diff : 0.0248133045561<br> cyb_min_diff : -0.0118144060158 , cyb_min_diff_time : 2018-08-14 13:01:43<br> cyb_max_diff : 0.118398559054 , cyb_max_diff_time : 2018-08-14 13:17:58<br> cyb_std_sell : 0.34453064057819965<br> cyb_std_buy : -0.5806672031459533 <br> cyb_industry : -0.4340715692349454<br> six_indst : 0.09573665480427042<br> six_i : 0.09573665480427042<br> a50_diff : -0.19418421314642287 <br> sz50_real : -0.8984475583421525<br> cyb_real : -1.1364556532187486<br> cyb_b : 0.732104685547<br> sz50_b : 0.8
2018-08-14 13:42:58,523 - INFO - vmware <br> cyb_diff : 0.021852913948<br> cyb_min_diff : -0.0118144060158 , cyb_min_diff_time : 2018-08-14 13:01:43<br> cyb_max_diff : 0.118398559054 , cyb_max_diff_time : 2018-08-14 13:17:58<br> cyb_std_sell : 0.34453064057819965<br> cyb_std_buy : -0.5806672031459533 <br> cyb_industry : -0.5048249548111481<br> six_indst : 0.0508816521048451<br> six_i : 0.0508816521048451<br> a50_diff : -0.14880470147414304 <br> sz50_real : -0.897923049369298<br> cyb_real : -1.234213172776777<br> cyb_b : 0.732104685547<br> sz50_b : 0.8
2018-08-14 13:44:11,953 - INFO - vmware <br> cyb_diff : 0.0343976824273<br> cyb_min_diff : -0.0118144060158 , cyb_min_diff_time : 2018-08-14 13:01:43<br> cyb_max_diff : 0.118398559054 , cyb_max_diff_time : 2018-08-14 13:17:58<br> cyb_std_sell : 0.34453064057819965<br> cyb_std_buy : -0.5806672031459533 <br> cyb_industry : -0.4329459937870564<br> six_indst : 0.040881652104845095<br> six_i : 0.040881652104845095<br> a50_diff : -0.13345874463541152 <br> sz50_real : -0.8925770925305665<br> cyb_real : -1.1725025141379408<br> cyb_b : 0.732104685547<br> sz50_b : 0.8
2018-08-14 13:45:27,550 - INFO - vmware <br> cyb_diff : 0.0625441348769<br> cyb_min_diff : -0.0118144060158 , cyb_min_diff_time : 2018-08-14 13:01:43<br> cyb_max_diff : 0.118398559054 , cyb_max_diff_time : 2018-08-14 13:17:58<br> cyb_std_sell : 0.34453064057819965<br> cyb_std_buy : -0.5806672031459533 <br> cyb_industry : -0.38635992992653456<br> six_indst : 0.01815480427046263<br> six_i : 0.01815480427046263<br> a50_diff : -0.0771794612758987 <br> sz50_real : -0.8590246570054361<br> cyb_real : -1.1048493476301768<br> cyb_b : 0.732104685547<br> sz50_b : 0.8
2018-08-14 13:46:43,600 - INFO - vmware <br> cyb_diff : 0.0868903442805<br> cyb_min_diff : -0.0118144060158 , cyb_min_diff_time : 2018-08-14 13:01:43<br> cyb_max_diff : 0.118398559054 , cyb_max_diff_time : 2018-08-14 13:17:58<br> cyb_std_sell : 0.34453064057819965<br> cyb_std_buy : -0.5806672031459533 <br> cyb_industry : -0.3692030658625062<br> six_indst : 0.036092219020172844<br> six_i : 0.036092219020172844<br> a50_diff : -0.08584517125927515 <br> sz50_real : -0.8497529522391023<br> cyb_real : -1.047971058027608<br> cyb_b : 0.732104685547<br> sz50_b : 0.8
2018-08-14 13:47:58,949 - INFO - vmware <br> cyb_diff : 0.0964036316046<br> cyb_min_diff : -0.0118144060158 , cyb_min_diff_time : 2018-08-14 13:01:43<br> cyb_max_diff : 0.118398559054 , cyb_max_diff_time : 2018-08-14 13:17:58<br> cyb_std_sell : 0.34453064057819965<br> cyb_std_buy : -0.5806672031459533 <br> cyb_industry : -0.4047056301019021<br> six_indst : 0.055717081850533805<br> six_i : 0.055717081850533805<br> a50_diff : -0.07497185466027478 <br> sz50_real : -0.819254772809741<br> cyb_real : -1.0435958049812566<br> cyb_b : 0.732104685547<br> sz50_b : 0.8
2018-08-14 13:49:12,534 - INFO - vmware <br> cyb_diff : 0.0732384044005<br> cyb_min_diff : -0.0118144060158 , cyb_min_diff_time : 2018-08-14 13:01:43<br> cyb_max_diff : 0.118398559054 , cyb_max_diff_time : 2018-08-14 13:17:58<br> cyb_std_sell : 0.34453064057819965<br> cyb_std_buy : -0.5806672031459533 <br> cyb_industry : -0.3915684582604986<br> six_indst : 0.1847699852869053<br> six_i : 0.1847699852869053<br> a50_diff : -0.20010304485346397 <br> sz50_real : -0.8153330595665587<br> cyb_real : -1.01133647654994<br> cyb_b : 0.732104685547<br> sz50_b : 0.8
2018-08-14 13:50:27,242 - INFO - vmware <br> cyb_diff : 0.0510779238337<br> cyb_min_diff : -0.0118144060158 , cyb_min_diff_time : 2018-08-14 13:01:43<br> cyb_max_diff : 0.118398559054 , cyb_max_diff_time : 2018-08-14 13:17:58<br> cyb_std_sell : 0.34453064057819965<br> cyb_std_buy : -0.5806672031459533 <br> cyb_industry : -0.35484947248774545<br> six_indst : 0.21738499264345268<br> six_i : 0.21738499264345268<br> a50_diff : -0.24984125283153857 <br> sz50_real : -0.8324562601880858<br> cyb_real : -0.9534786526832595<br> cyb_b : 0.732104685547<br> sz50_b : 0.8
2018-08-14 13:51:43,293 - INFO - vmware <br> cyb_diff : 0.0314783097782<br> cyb_min_diff : -0.0118144060158 , cyb_min_diff_time : 2018-08-14 13:01:43<br> cyb_max_diff : 0.118398559054 , cyb_max_diff_time : 2018-08-14 13:17:58<br> cyb_std_sell : 0.34453064057819965<br> cyb_std_buy : -0.5806672031459533 <br> cyb_industry : -0.25652017902346735<br> six_indst : 0.33897073662966704<br> six_i : 0.33897073662966704<br> a50_diff : -0.1272438618469982 <br> sz50_real : -0.5882731252173312<br> cyb_real : -0.735107814071323<br> cyb_b : 0.732104685547<br> sz50_b : 0.8
2018-08-14 13:52:56,425 - INFO - vmware <br> cyb_diff : -0.0200501941401<br> cyb_min_diff : -0.0200501941401 , cyb_min_diff_time : 2018-08-14 13:52:56<br> cyb_max_diff : 0.118398559054 , cyb_max_diff_time : 2018-08-14 13:17:58<br> cyb_std_sell : 0.34453064057819965<br> cyb_std_buy : -0.5806672031459533 <br> cyb_industry : -0.36091491490788263<br> six_indst : 0.46839697542533076<br> six_i : 0.46839697542533076<br> a50_diff : -0.26143506292681584 <br> sz50_real : -0.5930380875014851<br> cyb_real : -0.709770527773057<br> cyb_b : 0.732104685547<br> sz50_b : 0.8
2018-08-14 13:54:12,413 - INFO - vmware <br> cyb_diff : -0.0706527451535<br> cyb_min_diff : -0.0706527451535 , cyb_min_diff_time : 2018-08-14 13:54:11<br> cyb_max_diff : 0.118398559054 , cyb_max_diff_time : 2018-08-14 13:17:58<br> cyb_std_sell : 0.34453064057819965<br> cyb_std_buy : -0.5806672031459533 <br> cyb_industry : -0.4186675858955499<br> six_indst : 0.49172956609485363<br> six_i : 0.49172956609485363<br> a50_diff : -0.30207241501618376 <br> sz50_real : -0.6103428489213303<br> cyb_real : -0.7431399950370232<br> cyb_b : 0.732104685547<br> sz50_b : 0.8
2018-08-14 13:55:25,718 - INFO - vmware <br> cyb_diff : -0.114924559409<br> cyb_min_diff : -0.114924559409 , cyb_min_diff_time : 2018-08-14 13:55:25<br> cyb_max_diff : 0.118398559054 , cyb_max_diff_time : 2018-08-14 13:17:58<br> cyb_std_sell : 0.34453064057819965<br> cyb_std_buy : -0.5806672031459533 <br> cyb_industry : -0.4639370972569185<br> six_indst : 0.48879717457114025<br> six_i : 0.48879717457114025<br> a50_diff : -0.33256334911659713 <br> sz50_real : -0.643766174545457<br> cyb_real : -0.811511486671801<br> cyb_b : 0.732104685547<br> sz50_b : 0.8
2018-08-14 13:56:42,376 - INFO - vmware <br> cyb_diff : -0.144357344092<br> cyb_min_diff : -0.144357344092 , cyb_min_diff_time : 2018-08-14 13:56:41<br> cyb_max_diff : 0.118398559054 , cyb_max_diff_time : 2018-08-14 13:17:58<br> cyb_std_sell : 0.34453064057819965<br> cyb_std_buy : -0.5806672031459533 <br> cyb_industry : -0.4681766466931526<br> six_indst : 0.4717295660948536<br> six_i : 0.4717295660948536<br> a50_diff : -0.29299430570480367 <br> sz50_real : -0.6212647396099502<br> cyb_real : -0.8274452440346303<br> cyb_b : 0.732104685547<br> sz50_b : 0.8
2018-08-14 13:57:57,958 - INFO - vmware <br> cyb_diff : -0.162363713821<br> cyb_min_diff : -0.162363713821 , cyb_min_diff_time : 2018-08-14 13:57:57<br> cyb_max_diff : 0.118398559054 , cyb_max_diff_time : 2018-08-14 13:17:58<br> cyb_std_sell : 0.34453064057819965<br> cyb_std_buy : -0.5806672031459533 <br> cyb_industry : -0.49199193688012327<br> six_indst : 0.4429323915237134<br> six_i : 0.4429323915237134<br> a50_diff : -0.3445882179348094 <br> sz50_real : -0.7016558264110961<br> cyb_real : -0.8871968341452541<br> cyb_b : 0.732104685547<br> sz50_b : 0.8
2018-08-14 13:59:13,884 - INFO - vmware <br> cyb_diff : -0.161854334651<br> cyb_min_diff : -0.162363713821 , cyb_min_diff_time : 2018-08-14 13:57:57<br> cyb_max_diff : 0.118398559054 , cyb_max_diff_time : 2018-08-14 13:17:58<br> cyb_std_sell : 0.34453064057819965<br> cyb_std_buy : -0.5806672031459533 <br> cyb_industry : -0.48158829799412134<br> six_indst : 0.38991808873720135<br> six_i : 0.38991808873720135<br> a50_diff : -0.31769446199650475 <br> sz50_real : -0.7277763732593034<br> cyb_real : -0.9646453432941016<br> cyb_b : 0.732104685547<br> sz50_b : 0.8
2018-08-14 14:00:27,500 - INFO - vmware <br> cyb_diff : -0.145518387716<br> cyb_min_diff : -0.162363713821 , cyb_min_diff_time : 2018-08-14 13:57:57<br> cyb_max_diff : 0.118398559054 , cyb_max_diff_time : 2018-08-14 13:17:58<br> cyb_std_sell : 0.34453064057819965<br> cyb_std_buy : -0.5806672031459533 <br> cyb_industry : -0.4684451578265548<br> six_indst : 0.34228052472250253<br> six_i : 0.34228052472250253<br> a50_diff : -0.2743538368748284 <br> sz50_real : -0.732073312152326<br> cyb_real : -0.9688246894876351<br> cyb_b : 0.732104685547<br> sz50_b : 0.8
2018-08-14 14:01:41,273 - INFO - vmware <br> cyb_diff : -0.128259601755<br> cyb_min_diff : -0.162363713821 , cyb_min_diff_time : 2018-08-14 13:57:57<br> cyb_max_diff : 0.118398559054 , cyb_max_diff_time : 2018-08-14 13:17:58<br> cyb_std_sell : 0.34453064057819965<br> cyb_std_buy : -0.5806672031459533 <br> cyb_industry : -0.45799968082267906<br> six_indst : 0.3233683148335015<br> six_i : 0.3233683148335015<br> a50_diff : -0.3563732921008722 <br> sz50_real : -0.8330049772673709<br> cyb_real : -0.9937048597959852<br> cyb_b : 0.732104685547<br> sz50_b : 0.8
2018-08-14 14:02:55,607 - INFO - vmware <br> cyb_diff : -0.114245114246<br> cyb_min_diff : -0.162363713821 , cyb_min_diff_time : 2018-08-14 13:57:57<br> cyb_max_diff : 0.118398559054 , cyb_max_diff_time : 2018-08-14 13:17:58<br> cyb_std_sell : 0.34453064057819965<br> cyb_std_buy : -0.5806672031459533 <br> cyb_industry : -0.448479570162748<br> six_indst : 0.3205267406659939<br> six_i : 0.3205267406659939<br> a50_diff : -0.33931752476897903 <br> sz50_real : -0.8187907841029851<br> cyb_real : -0.9933783483746295<br> cyb_b : 0.732104685547<br> sz50_b : 0.8
2018-08-14 14:04:11,548 - INFO - vmware <br> cyb_diff : -0.0967725840603<br> cyb_min_diff : -0.162363713821 , cyb_min_diff_time : 2018-08-14 13:57:57<br> cyb_max_diff : 0.118398559054 , cyb_max_diff_time : 2018-08-14 13:17:58<br> cyb_std_sell : 0.34453064057819965<br> cyb_std_buy : -0.5806672031459533 <br> cyb_industry : -0.4321205169496443<br> six_indst : 0.2875943491422805<br> six_i : 0.2875943491422805<br> a50_diff : -0.35170270849999863 <br> sz50_real : -0.8641083593577181<br> cyb_real : -1.0090508966003608<br> cyb_b : 0.732104685547<br> sz50_b : 0.8
2018-08-14 14:05:25,040 - INFO - vmware <br> cyb_diff : -0.0756458610827<br> cyb_min_diff : -0.162363713821 , cyb_min_diff_time : 2018-08-14 13:57:57<br> cyb_max_diff : 0.118398559054 , cyb_max_diff_time : 2018-08-14 13:17:58<br> cyb_std_sell : 0.34453064057819965<br> cyb_std_buy : -0.5806672031459533 <br> cyb_industry : -0.43739524593905876<br> six_indst : 0.24106994328922496<br> six_i : 0.24106994328922496<br> a50_diff : -0.28264862492058573 <br> sz50_real : -0.8415786816313608<br> cyb_real : -1.0222419580236952<br> cyb_b : 0.732104685547<br> sz50_b : 0.8
2018-08-14 14:06:41,090 - INFO - vmware <br> cyb_diff : -0.0646818879549<br> cyb_min_diff : -0.162363713821 , cyb_min_diff_time : 2018-08-14 13:57:57<br> cyb_max_diff : 0.118398559054 , cyb_max_diff_time : 2018-08-14 13:17:58<br> cyb_std_sell : 0.34453064057819965<br> cyb_std_buy : -0.5806672031459533 <br> cyb_industry : -0.4498745381667442<br> six_indst : 0.23999999999999996<br> six_i : 0.23999999999999996<br> a50_diff : -0.2853632156047441 <br> sz50_real : -0.8453632156047441<br> cyb_real : -1.0454895712252<br> cyb_b : 0.732104685547<br> sz50_b : 0.8
2018-08-14 14:07:28,795 - ERROR - HTTPConnectionPool(host='nufm.dfcfw.com', port=80): Read timed out. (read timeout=10)
2018-08-14 14:07:59,698 - INFO - vmware <br> cyb_diff : -0.0468467669637<br> cyb_min_diff : -0.162363713821 , cyb_min_diff_time : 2018-08-14 13:57:57<br> cyb_max_diff : 0.118398559054 , cyb_max_diff_time : 2018-08-14 13:17:58<br> cyb_std_sell : 0.34453064057819965<br> cyb_std_buy : -0.5806672031459533 <br> cyb_industry : -0.43234313221208415<br> six_indst : 0.2077457114026236<br> six_i : 0.2077457114026236<br> a50_diff : -0.22234042372277263 <br> sz50_real : -0.8145947123201491<br> cyb_real : -1.0334739509188062<br> cyb_b : 0.732104685547<br> sz50_b : 0.8
2018-08-14 14:09:16,123 - INFO - vmware <br> cyb_diff : -0.0455648978197<br> cyb_min_diff : -0.162363713821 , cyb_min_diff_time : 2018-08-14 13:57:57<br> cyb_max_diff : 0.118398559054 , cyb_max_diff_time : 2018-08-14 13:17:58<br> cyb_std_sell : 0.34453064057819965<br> cyb_std_buy : -0.5806672031459533 <br> cyb_industry : -0.4538322556476318<br> six_indst : 0.23739051463168515<br> six_i : 0.23739051463168515<br> a50_diff : -0.253235979117872 <br> sz50_real : -0.8158454644861868<br> cyb_real : -1.0519544973683126<br> cyb_b : 0.732104685547<br> sz50_b : 0.8
2018-08-14 14:10:29,412 - INFO - vmware <br> cyb_diff : -0.0526602285536<br> cyb_min_diff : -0.162363713821 , cyb_min_diff_time : 2018-08-14 13:57:57<br> cyb_max_diff : 0.118398559054 , cyb_max_diff_time : 2018-08-14 13:17:58<br> cyb_std_sell : 0.34453064057819965<br> cyb_std_buy : -0.5806672031459533 <br> cyb_industry : -0.4446025841618227<br> six_indst : 0.2673319878910191<br> six_i : 0.2673319878910191<br> a50_diff : -0.26878976778333086 <br> sz50_real : -0.8014577798923117<br> cyb_real : -1.0383716222393313<br> cyb_b : 0.732104685547<br> sz50_b : 0.8
2018-08-14 14:11:45,680 - INFO - vmware <br> cyb_diff : -0.0522146058946<br> cyb_min_diff : -0.162363713821 , cyb_min_diff_time : 2018-08-14 13:57:57<br> cyb_max_diff : 0.118398559054 , cyb_max_diff_time : 2018-08-14 13:17:58<br> cyb_std_sell : 0.34453064057819965<br> cyb_std_buy : -0.5806672031459533 <br> cyb_industry : -0.4736334500571833<br> six_indst : 0.20733081285444233<br> six_i : 0.20733081285444233<br> a50_diff : -0.22996665119692028 <br> sz50_real : -0.8226358383424781<br> cyb_real : -1.0882625674246027<br> cyb_b : 0.732104685547<br> sz50_b : 0.8
2018-08-14 14:12:58,829 - INFO - vmware <br> cyb_diff : -0.0425009547629<br> cyb_min_diff : -0.162363713821 , cyb_min_diff_time : 2018-08-14 13:57:57<br> cyb_max_diff : 0.118398559054 , cyb_max_diff_time : 2018-08-14 13:17:58<br> cyb_std_sell : 0.34453064057819965<br> cyb_std_buy : -0.5806672031459533 <br> cyb_industry : -0.43980161861116307<br> six_indst : 0.17722064056939502<br> six_i : 0.17722064056939502<br> a50_diff : -0.22033250227526469 <br> sz50_real : -0.8431118617058697<br> cyb_real : -1.1009312105737412<br> cyb_b : 0.732104685547<br> sz50_b : 0.8
2018-08-14 14:14:15,004 - INFO - vmware <br> cyb_diff : -0.0309379321725<br> cyb_min_diff : -0.162363713821 , cyb_min_diff_time : 2018-08-14 13:57:57<br> cyb_max_diff : 0.118398559054 , cyb_max_diff_time : 2018-08-14 13:17:58<br> cyb_std_sell : 0.34453064057819965<br> cyb_std_buy : -0.5806672031459533 <br> cyb_industry : -0.3861651688032242<br> six_indst : 0.1852633451957295<br> six_i : 0.1852633451957295<br> a50_diff : -0.23729185944014786 <br> sz50_real : -0.8520285142444184<br> cyb_real : -1.0834301983883354<br> cyb_b : 0.732104685547<br> sz50_b : 0.8
2018-08-14 14:15:28,558 - INFO - vmware <br> cyb_diff : -0.0204583546478<br> cyb_min_diff : -0.162363713821 , cyb_min_diff_time : 2018-08-14 13:57:57<br> cyb_max_diff : 0.118398559054 , cyb_max_diff_time : 2018-08-14 13:17:58<br> cyb_std_sell : 0.34453064057819965<br> cyb_std_buy : -0.5806672031459533 <br> cyb_industry : -0.4379506238106208<br> six_indst : 0.14444128113879<br> six_i : 0.14444128113879<br> a50_diff : -0.2103773525326924 <br> sz50_real : -0.8659360713939024<br> cyb_real : -1.1461856935755521<br> cyb_b : 0.732104685547<br> sz50_b : 0.8
2018-08-14 14:16:44,343 - INFO - vmware <br> cyb_diff : -0.0188718615413<br> cyb_min_diff : -0.162363713821 , cyb_min_diff_time : 2018-08-14 13:57:57<br> cyb_max_diff : 0.118398559054 , cyb_max_diff_time : 2018-08-14 13:17:58<br> cyb_std_sell : 0.34453064057819965<br> cyb_std_buy : -0.5806672031459533 <br> cyb_industry : -0.46302733939054264<br> six_indst : 0.1317544483985765<br> six_i : 0.1317544483985765<br> a50_diff : -0.2393849484500914 <br> sz50_real : -0.907630500051515<br> cyb_real : -1.2155367194744304<br> cyb_b : 0.732104685547<br> sz50_b : 0.8
2018-08-14 14:17:57,413 - INFO - vmware <br> cyb_diff : 0.00288830502638<br> cyb_min_diff : -0.162363713821 , cyb_min_diff_time : 2018-08-14 13:57:57<br> cyb_max_diff : 0.118398559054 , cyb_max_diff_time : 2018-08-14 13:17:58<br> cyb_std_sell : 0.34453064057819965<br> cyb_std_buy : -0.5806672031459533 <br> cyb_industry : -0.3922764884816721<br> six_indst : 0.07656227758007117<br> six_i : 0.07656227758007117<br> a50_diff : -0.2041765694973936 <br> sz50_real : -0.9276142919173225<br> cyb_real : -1.1811877179463748<br> cyb_b : 0.732104685547<br> sz50_b : 0.8
2018-08-14 14:19:13,557 - INFO - vmware <br> cyb_diff : 0.0248157012181<br> cyb_min_diff : -0.162363713821 , cyb_min_diff_time : 2018-08-14 13:57:57<br> cyb_max_diff : 0.118398559054 , cyb_max_diff_time : 2018-08-14 13:17:58<br> cyb_std_sell : 0.34453064057819965<br> cyb_std_buy : -0.5806672031459533 <br> cyb_industry : -0.37940856147491325<br> six_indst : 0.0664796468857283<br> six_i : 0.0664796468857283<br> a50_diff : -0.19023274582595584 <br> sz50_real : -0.9237530989402276<br> cyb_real : -1.155393315658182<br> cyb_b : 0.732104685547<br> sz50_b : 0.8
2018-08-14 14:20:26,456 - INFO - vmware <br> cyb_diff : 0.0448723458618<br> cyb_min_diff : -0.162363713821 , cyb_min_diff_time : 2018-08-14 13:57:57<br> cyb_max_diff : 0.118398559054 , cyb_max_diff_time : 2018-08-14 13:17:58<br> cyb_std_sell : 0.34453064057819965<br> cyb_std_buy : -0.5806672031459533 <br> cyb_industry : -0.3573233889111104<br> six_indst : 0.0836174595389897<br> six_i : 0.0836174595389897<br> a50_diff : -0.007992593843545337 <br> sz50_real : -0.7243751343045557<br> cyb_real : -1.0947927958519954<br> cyb_b : 0.732104685547<br> sz50_b : 0.8
2018-08-14 14:21:42,927 - INFO - vmware <br> cyb_diff : 0.0397300937351<br> cyb_min_diff : -0.162363713821 , cyb_min_diff_time : 2018-08-14 13:57:57<br> cyb_max_diff : 0.118398559054 , cyb_max_diff_time : 2018-08-14 13:17:58<br> cyb_std_sell : 0.34453064057819965<br> cyb_std_buy : -0.5806672031459533 <br> cyb_industry : -0.36615891499807107<br> six_indst : 0.19526334519572952<br> six_i : 0.19526334519572952<br> a50_diff : -0.15704000394930628 <br> sz50_real : -0.7617766587535768<br> cyb_real : -1.0050021549753763<br> cyb_b : 0.732104685547<br> sz50_b : 0.8
2018-08-14 14:22:55,857 - INFO - vmware <br> cyb_diff : 0.0267041448785<br> cyb_min_diff : -0.162363713821 , cyb_min_diff_time : 2018-08-14 13:57:57<br> cyb_max_diff : 0.118398559054 , cyb_max_diff_time : 2018-08-14 13:17:58<br> cyb_std_sell : 0.34453064057819965<br> cyb_std_buy : -0.5806672031459533 <br> cyb_industry : -0.37953521197782986<br> six_indst : 0.2152633451957295<br> six_i : 0.2152633451957295<br> a50_diff : -0.14548070252102074 <br> sz50_real : -0.7302173573252912<br> cyb_real : -1.0079407577677002<br> cyb_b : 0.732104685547<br> sz50_b : 0.8
2018-08-14 14:24:11,689 - INFO - vmware <br> cyb_diff : 0.018880674741<br> cyb_min_diff : -0.162363713821 , cyb_min_diff_time : 2018-08-14 13:57:57<br> cyb_max_diff : 0.118398559054 , cyb_max_diff_time : 2018-08-14 13:17:58<br> cyb_std_sell : 0.34453064057819965<br> cyb_std_buy : -0.5806672031459533 <br> cyb_industry : -0.3818469546183378<br> six_indst : 0.18801245551601423<br> six_i : 0.18801245551601423<br> a50_diff : -0.13709599712647658 <br> sz50_real : -0.7490835416104624<br> cyb_real : -1.0095733148745456<br> cyb_b : 0.732104685547<br> sz50_b : 0.8
2018-08-14 14:25:25,306 - INFO - vmware <br> cyb_diff : 0.00888439275852<br> cyb_min_diff : -0.162363713821 , cyb_min_diff_time : 2018-08-14 13:57:57<br> cyb_max_diff : 0.118398559054 , cyb_max_diff_time : 2018-08-14 13:17:58<br> cyb_std_sell : 0.34453064057819965<br> cyb_std_buy : -0.5806672031459533 <br> cyb_industry : -0.4051437975068562<br> six_indst : 0.183980382540461<br> six_i : 0.183980382540461<br> a50_diff : -0.11512168259485522 <br> sz50_real : -0.7311413000543943<br> cyb_real : -1.042093852442949<br> cyb_b : 0.732104685547<br> sz50_b : 0.8
2018-08-14 14:26:39,546 - INFO - vmware <br> cyb_diff : 0.0112541521609<br> cyb_min_diff : -0.162363713821 , cyb_min_diff_time : 2018-08-14 13:57:57<br> cyb_max_diff : 0.118398559054 , cyb_max_diff_time : 2018-08-14 13:17:58<br> cyb_std_sell : 0.34453064057819965<br> cyb_std_buy : -0.5806672031459533 <br> cyb_industry : -0.3548520154124938<br> six_indst : 0.19722064056939503<br> six_i : 0.19722064056939503<br> a50_diff : -0.08471875939780626 <br> sz50_real : -0.6874981188284113<br> cyb_real : -0.9671268300965097<br> cyb_b : 0.732104685547<br> sz50_b : 0.8
2018-08-14 14:26:44,554 - INFO - vmware <br> cyb_diff : 0.00972180040988<br> cyb_min_diff : -0.162363713821 , cyb_min_diff_time : 2018-08-14 13:57:57<br> cyb_max_diff : 0.118398559054 , cyb_max_diff_time : 2018-08-14 13:17:58<br> cyb_std_sell : 0.34453064057819965<br> cyb_std_buy : -0.5806672031459533 <br> cyb_industry : -0.3716909388941656<br> six_indst : 0.21444128113879002<br> six_i : 0.21444128113879002<br> a50_diff : -0.1069141658405014 <br> sz50_real : -0.6924728847017114<br> cyb_real : -0.9799913800984661<br> cyb_b : 0.732104685547<br> sz50_b : 0.8
2018-08-14 14:27:58,046 - INFO - vmware <br> cyb_diff : 0.0109441444622<br> cyb_min_diff : -0.162363713821 , cyb_min_diff_time : 2018-08-14 13:57:57<br> cyb_max_diff : 0.118398559054 , cyb_max_diff_time : 2018-08-14 13:17:58<br> cyb_std_sell : 0.34453064057819965<br> cyb_std_buy : -0.5806672031459533 <br> cyb_industry : -0.3693074819545691<br> six_indst : 0.23<br> six_i : 0.23<br> a50_diff : -0.05464983982706273 <br> sz50_real : -0.6246498398270628<br> cyb_real : -0.921415231104783<br> cyb_b : 0.732104685547<br> sz50_b : 0.8
2018-08-14 14:29:14,314 - INFO - vmware <br> cyb_diff : -0.0025033727862<br> cyb_min_diff : -0.162363713821 , cyb_min_diff_time : 2018-08-14 13:57:57<br> cyb_max_diff : 0.118398559054 , cyb_max_diff_time : 2018-08-14 13:17:58<br> cyb_std_sell : 0.34453064057819965<br> cyb_std_buy : -0.5806672031459533 <br> cyb_industry : -0.3950943564280572<br> six_indst : 0.28166192170818505<br> six_i : 0.28166192170818505<br> a50_diff : -0.03898094815820552 <br> sz50_real : -0.5573190264500205<br> cyb_real : -0.9052202646048446<br> cyb_b : 0.732104685547<br> sz50_b : 0.8
2018-08-14 14:30:27,494 - INFO - vmware <br> cyb_diff : -0.0201051762162<br> cyb_min_diff : -0.162363713821 , cyb_min_diff_time : 2018-08-14 13:57:57<br> cyb_max_diff : 0.118398559054 , cyb_max_diff_time : 2018-08-14 13:17:58<br> cyb_std_sell : 0.34453064057819965<br> cyb_std_buy : -0.5806672031459533 <br> cyb_industry : -0.3938162346763556<br> six_indst : 0.34<br> six_i : 0.34<br> a50_diff : 0.04887372833807868 <br> sz50_real : -0.4111262716619213<br> cyb_real : -0.8297308239842205<br> cyb_b : 0.732104685547<br> sz50_b : 0.8
2018-08-14 14:31:43,918 - INFO - vmware <br> cyb_diff : -0.0432387021994<br> cyb_min_diff : -0.162363713821 , cyb_min_diff_time : 2018-08-14 13:57:57<br> cyb_max_diff : 0.118398559054 , cyb_max_diff_time : 2018-08-14 13:17:58<br> cyb_std_sell : 0.34453064057819965<br> cyb_std_buy : -0.5806672031459533 <br> cyb_industry : -0.44943443632184155<br> six_indst : 0.3499999999999999<br> six_i : 0.3499999999999999<br> a50_diff : -0.007480760809147835 <br> sz50_real : -0.457480760809148<br> cyb_real : -0.8486684864236427<br> cyb_b : 0.732104685547<br> sz50_b : 0.8
2018-08-14 14:32:57,192 - INFO - vmware <br> cyb_diff : -0.0740482026166<br> cyb_min_diff : -0.162363713821 , cyb_min_diff_time : 2018-08-14 13:57:57<br> cyb_max_diff : 0.118398559054 , cyb_max_diff_time : 2018-08-14 13:17:58<br> cyb_std_sell : 0.34453064057819965<br> cyb_std_buy : -0.5806672031459533 <br> cyb_industry : -0.4702391837436214<br> six_indst : 0.38022419928825624<br> six_i : 0.38022419928825624<br> a50_diff : -0.08964345246333694 <br> sz50_real : -0.5094192531750807<br> cyb_real : -0.8999307795786615<br> cyb_b : 0.732104685547<br> sz50_b : 0.8
2018-08-14 14:34:14,100 - INFO - vmware <br> cyb_diff : -0.0862233579332<br> cyb_min_diff : -0.162363713821 , cyb_min_diff_time : 2018-08-14 13:57:57<br> cyb_max_diff : 0.118398559054 , cyb_max_diff_time : 2018-08-14 13:17:58<br> cyb_std_sell : 0.34453064057819965<br> cyb_std_buy : -0.5806672031459533 <br> cyb_industry : -0.43921516172138936<br> six_indst : 0.3560625630676085<br> six_i : 0.3560625630676085<br> a50_diff : -0.05090046679729188 <br> sz50_real : -0.4948379037296835<br> cyb_real : -0.8833439993730874<br> cyb_b : 0.732104685547<br> sz50_b : 0.8
2018-08-14 14:35:28,403 - INFO - vmware <br> cyb_diff : -0.0917200293879<br> cyb_min_diff : -0.162363713821 , cyb_min_diff_time : 2018-08-14 13:57:57<br> cyb_max_diff : 0.118398559054 , cyb_max_diff_time : 2018-08-14 13:17:58<br> cyb_std_sell : 0.34453064057819965<br> cyb_std_buy : -0.5806672031459533 <br> cyb_industry : -0.43863042017190795<br> six_indst : 0.34771174377224195<br> six_i : 0.34771174377224195<br> a50_diff : -0.09721155184230601 <br> sz50_real : -0.5494998080700642<br> cyb_real : -0.9050896600363068<br> cyb_b : 0.732104685547<br> sz50_b : 0.8
2018-08-14 14:36:42,534 - INFO - vmware <br> cyb_diff : -0.0908455089167<br> cyb_min_diff : -0.162363713821 , cyb_min_diff_time : 2018-08-14 13:57:57<br> cyb_max_diff : 0.118398559054 , cyb_max_diff_time : 2018-08-14 13:17:58<br> cyb_std_sell : 0.34453064057819965<br> cyb_std_buy : -0.5806672031459533 <br> cyb_industry : -0.43758207520049136<br> six_indst : 0.32602491103202846<br> six_i : 0.32602491103202846<br> a50_diff : -0.07681178342778716 <br> sz50_real : -0.5507868723957587<br> cyb_real : -0.9369571747619654<br> cyb_b : 0.732104685547<br> sz50_b : 0.8
2018-08-14 14:37:57,851 - INFO - vmware <br> cyb_diff : -0.0721670393924<br> cyb_min_diff : -0.162363713821 , cyb_min_diff_time : 2018-08-14 13:57:57<br> cyb_max_diff : 0.118398559054 , cyb_max_diff_time : 2018-08-14 13:17:58<br> cyb_std_sell : 0.34453064057819965<br> cyb_std_buy : -0.5806672031459533 <br> cyb_industry : -0.3862854556535984<br> six_indst : 0.29582442373712603<br> six_i : 0.29582442373712603<br> a50_diff : -0.033212109218620056 <br> sz50_real : -0.5373876854814941<br> cyb_real : -0.8988859430302809<br> cyb_b : 0.732104685547<br> sz50_b : 0.8
2018-08-14 14:39:11,546 - INFO - vmware <br> cyb_diff : -0.0595579944762<br> cyb_min_diff : -0.162363713821 , cyb_min_diff_time : 2018-08-14 13:57:57<br> cyb_max_diff : 0.118398559054 , cyb_max_diff_time : 2018-08-14 13:17:58<br> cyb_std_sell : 0.34453064057819965<br> cyb_std_buy : -0.5806672031459533 <br> cyb_industry : -0.38129000587731243<br> six_indst : 0.3265090730750368<br> six_i : 0.3265090730750368<br> a50_diff : -0.020717566037303792 <br> sz50_real : -0.494208492962267<br> cyb_real : -0.85924745647602<br> cyb_b : 0.732104685547<br> sz50_b : 0.8
2018-08-14 14:40:24,897 - INFO - vmware <br> cyb_diff : -0.055291306814<br> cyb_min_diff : -0.162363713821 , cyb_min_diff_time : 2018-08-14 13:57:57<br> cyb_max_diff : 0.118398559054 , cyb_max_diff_time : 2018-08-14 13:17:58<br> cyb_std_sell : 0.34453064057819965<br> cyb_std_buy : -0.5806672031459533 <br> cyb_industry : -0.40820995620367095<br> six_indst : 0.33398626777832274<br> six_i : 0.33398626777832274<br> a50_diff : 0.036335981658282 <br> sz50_real : -0.4296777505633953<br> cyb_real : -0.8524560189115293<br> cyb_b : 0.732104685547<br> sz50_b : 0.8
2018-08-14 14:41:42,101 - INFO - vmware <br> cyb_diff : -0.0517449814875<br> cyb_min_diff : -0.162363713821 , cyb_min_diff_time : 2018-08-14 13:57:57<br> cyb_max_diff : 0.118398559054 , cyb_max_diff_time : 2018-08-14 13:17:58<br> cyb_std_sell : 0.34453064057819965<br> cyb_std_buy : -0.5806672031459533 <br> cyb_industry : -0.37303685319546553<br> six_indst : 0.3695223148602256<br> six_i : 0.3695223148602256<br> a50_diff : 0.04950664473265576 <br> sz50_real : -0.3809710404071187<br> cyb_real : -0.7768359737223562<br> cyb_b : 0.732104685547<br> sz50_b : 0.8
2018-08-14 14:42:55,281 - INFO - vmware <br> cyb_diff : -0.0563456683786<br> cyb_min_diff : -0.162363713821 , cyb_min_diff_time : 2018-08-14 13:57:57<br> cyb_max_diff : 0.118398559054 , cyb_max_diff_time : 2018-08-14 13:17:58<br> cyb_std_sell : 0.34453064057819965<br> cyb_std_buy : -0.5806672031459533 <br> cyb_industry : -0.40735020556235946<br> six_indst : 0.38<br> six_i : 0.38<br> a50_diff : 0.04476224613461277 <br> sz50_real : -0.37523775386538727<br> cyb_real : -0.7785991353977617<br> cyb_b : 0.732104685547<br> sz50_b : 0.8
2018-08-14 14:44:09,381 - INFO - vmware <br> cyb_diff : -0.0655174922789<br> cyb_min_diff : -0.162363713821 , cyb_min_diff_time : 2018-08-14 13:57:57<br> cyb_max_diff : 0.118398559054 , cyb_max_diff_time : 2018-08-14 13:17:58<br> cyb_std_sell : 0.34453064057819965<br> cyb_std_buy : -0.5806672031459533 <br> cyb_industry : -0.4091692041093766<br> six_indst : 0.4<br> six_i : 0.4<br> a50_diff : 0.031419475405491615 <br> sz50_real : -0.3685805245945084<br> cyb_real : -0.7627959826034592<br> cyb_b : 0.732104685547<br> sz50_b : 0.8
2018-08-14 14:45:22,998 - INFO - vmware <br> cyb_diff : -0.0834560767444<br> cyb_min_diff : -0.162363713821 , cyb_min_diff_time : 2018-08-14 13:57:57<br> cyb_max_diff : 0.118398559054 , cyb_max_diff_time : 2018-08-14 13:17:58<br> cyb_std_sell : 0.34453064057819965<br> cyb_std_buy : -0.5806672031459533 <br> cyb_industry : -0.38130433113834805<br> six_indst : 0.48<br> six_i : 0.48<br> a50_diff : -0.02160058996770542 <br> sz50_real : -0.3416005899677055<br> cyb_real : -0.7003016965533404<br> cyb_b : 0.732104685547<br> sz50_b : 0.8
2018-08-14 14:46:38,627 - INFO - vmware <br> cyb_diff : -0.0904064869663<br> cyb_min_diff : -0.162363713821 , cyb_min_diff_time : 2018-08-14 13:57:57<br> cyb_max_diff : 0.118398559054 , cyb_max_diff_time : 2018-08-14 13:17:58<br> cyb_std_sell : 0.34453064057819965<br> cyb_std_buy : -0.5806672031459533 <br> cyb_industry : -0.36458433496786596<br> six_indst : 0.4691334519572954<br> six_i : 0.4691334519572954<br> a50_diff : -0.015293235304428388 <br> sz50_real : -0.34615978334713304<br> cyb_real : -0.6770540833518357<br> cyb_b : 0.732104685547<br> sz50_b : 0.8
2018-08-14 14:46:43,822 - INFO - vmware <br> cyb_diff : -0.0930458938761<br> cyb_min_diff : -0.162363713821 , cyb_min_diff_time : 2018-08-14 13:57:57<br> cyb_max_diff : 0.118398559054 , cyb_max_diff_time : 2018-08-14 13:17:58<br> cyb_std_sell : 0.34453064057819965<br> cyb_std_buy : -0.5806672031459533 <br> cyb_industry : -0.3729142322562758<br> six_indst : 0.4577900355871886<br> six_i : 0.4577900355871886<br> a50_diff : -0.03888211652651563 <br> sz50_real : -0.381092080939327<br> cyb_real : -0.681559940966725<br> cyb_b : 0.732104685547<br> sz50_b : 0.8
2018-08-14 14:47:57,142 - INFO - vmware <br> cyb_diff : -0.102223394716<br> cyb_min_diff : -0.162363713821 , cyb_min_diff_time : 2018-08-14 13:57:57<br> cyb_max_diff : 0.118398559054 , cyb_max_diff_time : 2018-08-14 13:17:58<br> cyb_std_sell : 0.34453064057819965<br> cyb_std_buy : -0.5806672031459533 <br> cyb_industry : -0.39535833333161063<br> six_indst : 0.46956405693950176<br> six_i : 0.46956405693950176<br> a50_diff : -0.06403515137104943 <br> sz50_real : -0.3944710944315477<br> cyb_real : -0.723745216607663<br> cyb_b : 0.732104685547<br> sz50_b : 0.8
2018-08-14 14:49:13,129 - INFO - vmware <br> cyb_diff : -0.0949821446005<br> cyb_min_diff : -0.162363713821 , cyb_min_diff_time : 2018-08-14 13:57:57<br> cyb_max_diff : 0.118398559054 , cyb_max_diff_time : 2018-08-14 13:17:58<br> cyb_std_sell : 0.34453064057819965<br> cyb_std_buy : -0.5806672031459533 <br> cyb_industry : -0.36879461080874026<br> six_indst : 0.4233371757925072<br> six_i : 0.4233371757925072<br> a50_diff : -0.061532145138191496 <br> sz50_real : -0.43819496934568436<br> cyb_real : -0.7299489336136888<br> cyb_b : 0.732104685547<br> sz50_b : 0.8
2018-08-14 14:50:26,028 - INFO - vmware <br> cyb_diff : -0.0979543398379<br> cyb_min_diff : -0.162363713821 , cyb_min_diff_time : 2018-08-14 13:57:57<br> cyb_max_diff : 0.118398559054 , cyb_max_diff_time : 2018-08-14 13:17:58<br> cyb_std_sell : 0.34453064057819965<br> cyb_std_buy : -0.5806672031459533 <br> cyb_industry : -0.4278817244860396<br> six_indst : 0.4103515850144092<br> six_i : 0.4103515850144092<br> a50_diff : -0.07043875195020566 <br> sz50_real : -0.46008716693579643<br> cyb_real : -0.8147112986012228<br> cyb_b : 0.732104685547<br> sz50_b : 0.8
2018-08-14 14:51:42,749 - INFO - vmware <br> cyb_diff : -0.100988274455<br> cyb_min_diff : -0.162363713821 , cyb_min_diff_time : 2018-08-14 13:57:57<br> cyb_max_diff : 0.118398559054 , cyb_max_diff_time : 2018-08-14 13:17:58<br> cyb_std_sell : 0.34453064057819965<br> cyb_std_buy : -0.5806672031459533 <br> cyb_industry : -0.422312810514344<br> six_indst : 0.4<br> six_i : 0.4<br> a50_diff : -0.05082353153829133 <br> sz50_real : -0.45082353153829136<br> cyb_real : -0.8410934214478694<br> cyb_b : 0.732104685547<br> sz50_b : 0.8
2018-08-14 14:52:56,147 - INFO - vmware <br> cyb_diff : -0.107282984155<br> cyb_min_diff : -0.162363713821 , cyb_min_diff_time : 2018-08-14 13:57:57<br> cyb_max_diff : 0.118398559054 , cyb_max_diff_time : 2018-08-14 13:17:58<br> cyb_std_sell : 0.34453064057819965<br> cyb_std_buy : -0.5806672031459533 <br> cyb_industry : -0.4534789898347425<br> six_indst : 0.38591281138790035<br> six_i : 0.38591281138790035<br> a50_diff : -0.03402100032056132 <br> sz50_real : -0.448108188932661<br> cyb_real : -0.8911149712016897<br> cyb_b : 0.732104685547<br> sz50_b : 0.8
2018-08-14 14:54:10,154 - INFO - vmware <br> cyb_diff : -0.108348305<br> cyb_min_diff : -0.162363713821 , cyb_min_diff_time : 2018-08-14 13:57:57<br> cyb_max_diff : 0.118398559054 , cyb_max_diff_time : 2018-08-14 13:17:58<br> cyb_std_sell : 0.34453064057819965<br> cyb_std_buy : -0.5806672031459533 <br> cyb_industry : -0.4370708987984818<br> six_indst : 0.38<br> six_i : 0.38<br> a50_diff : -0.02561878865378986 <br> sz50_real : -0.4456187886537899<br> cyb_real : -0.8862172998811424<br> cyb_b : 0.732104685547<br> sz50_b : 0.8
2018-08-14 14:55:23,661 - INFO - vmware <br> cyb_diff : -0.101977407897<br> cyb_min_diff : -0.162363713821 , cyb_min_diff_time : 2018-08-14 13:57:57<br> cyb_max_diff : 0.118398559054 , cyb_max_diff_time : 2018-08-14 13:17:58<br> cyb_std_sell : 0.34453064057819965<br> cyb_std_buy : -0.5806672031459533 <br> cyb_industry : -0.4250215533091297<br> six_indst : 0.36070699432892245<br> six_i : 0.36070699432892245<br> a50_diff : 0.009437728993806349 <br> sz50_real : -0.4298552766772712<br> cyb_real : -0.8650593597763989<br> cyb_b : 0.732104685547<br> sz50_b : 0.8
2018-08-14 14:55:33,708 - ERROR - HTTPConnectionPool(host='nufm.dfcfw.com', port=80): Read timed out. (read timeout=10)
2018-08-14 14:56:39,103 - INFO - vmware <br> cyb_diff : -0.10039210806<br> cyb_min_diff : -0.162363713821 , cyb_min_diff_time : 2018-08-14 13:57:57<br> cyb_max_diff : 0.118398559054 , cyb_max_diff_time : 2018-08-14 13:17:58<br> cyb_std_sell : 0.34453064057819965<br> cyb_std_buy : -0.5806672031459533 <br> cyb_industry : -0.4266838053614729<br> six_indst : 0.39<br> six_i : 0.39<br> a50_diff : -0.034985343201953456 <br> sz50_real : -0.4449853432019535<br> cyb_real : -0.8426606762704569<br> cyb_b : 0.732104685547<br> sz50_b : 0.8
2018-08-14 14:57:57,618 - INFO - vmware <br> cyb_diff : -0.109726844855<br> cyb_min_diff : -0.162363713821 , cyb_min_diff_time : 2018-08-14 13:57:57<br> cyb_max_diff : 0.118398559054 , cyb_max_diff_time : 2018-08-14 13:17:58<br> cyb_std_sell : 0.34453064057819965<br> cyb_std_buy : -0.5806672031459533 <br> cyb_industry : -0.43540713533984077<br> six_indst : 0.4285106761565836<br> six_i : 0.4285106761565836<br> a50_diff : -0.02163822068073573 <br> sz50_real : -0.3931275445241522<br> cyb_real : -0.8426606762704569<br> cyb_b : 0.732104685547<br> sz50_b : 0.8
2018-08-14 14:59:14,432 - INFO - vmware <br> cyb_diff : -0.119778868359<br> cyb_min_diff : -0.162363713821 , cyb_min_diff_time : 2018-08-14 13:57:57<br> cyb_max_diff : 0.118398559054 , cyb_max_diff_time : 2018-08-14 13:17:58<br> cyb_std_sell : 0.34453064057819965<br> cyb_std_buy : -0.5806672031459533 <br> cyb_industry : -0.4385105868743812<br> six_indst : 0.43702135231316724<br> six_i : 0.43702135231316724<br> a50_diff : -0.02726006280222193 <br> sz50_real : -0.3902387104890548<br> cyb_real : -0.8426606762704569<br> cyb_b : 0.732104685547<br> sz50_b : 0.8
